#
# There is insufficient memory for the Java Runtime Environment to continue.
# Native memory allocation (malloc) failed to allocate 941936 bytes for Chunk::new
# Possible reasons:
#   The system is out of physical RAM or swap space
#   In 32 bit mode, the process size limit was hit
# Possible solutions:
#   Reduce memory load on the system
#   Increase physical memory or swap space
#   Check if swap backing store is full
#   Use 64 bit Java on a 64 bit OS
#   Decrease Java heap size (-Xmx/-Xms)
#   Decrease number of Java threads
#   Decrease Java thread stack sizes (-Xss)
#   Set larger code cache with -XX:ReservedCodeCacheSize=
# This output file may be truncated or incomplete.
#
#  Out of Memory Error (allocation.cpp:390), pid=8228, tid=0x0000000000002c90
#
# JRE version: Java(TM) SE Runtime Environment (8.0_111-b14) (build 1.8.0_111-b14)
# Java VM: Java HotSpot(TM) 64-Bit Server VM (25.111-b14 mixed mode windows-amd64 compressed oops)
# Failed to write core dump. Minidumps are not enabled by default on client versions of Windows
#

---------------  T H R E A D  ---------------

Current thread (0x00000000197ef800):  JavaThread "C2 CompilerThread0" daemon [_thread_in_native, id=11408, stack(0x0000000019fc0000,0x000000001a0c0000)]

Stack: [0x0000000019fc0000,0x000000001a0c0000]
[error occurred during error reporting (printing stack bounds), id 0xc0000005]

Native frames: (J=compiled Java code, j=interpreted, Vv=VM code, C=native code)


Current CompileTask:
C2:  20075 4636       4       java.net.URLStreamHandler::parseURL (1158 bytes)


---------------  P R O C E S S  ---------------

Java Threads: ( => current thread )
  0x000000001b2f2800 JavaThread "Hibernate Connection Pool Validation Thread" daemon [_thread_blocked, id=11184, stack(0x0000000023040000,0x0000000023140000)]
  0x000000001b2f5000 JavaThread "mysql-cj-abandoned-connection-cleanup" daemon [_thread_blocked, id=15464, stack(0x0000000021f80000,0x0000000022080000)]
  0x000000001b2f2000 JavaThread "http-nio-8080-exec-2" daemon [_thread_blocked, id=8284, stack(0x0000000020980000,0x0000000020a80000)]
  0x000000001d547800 JavaThread "http-nio-8080-exec-1" daemon [_thread_in_vm, id=14188, stack(0x0000000020880000,0x0000000020980000)]
  0x00000000028b4000 JavaThread "DestroyJavaVM" [_thread_blocked, id=2968, stack(0x00000000027b0000,0x00000000028b0000)]
  0x000000001b776000 JavaThread "http-nio-8080-Acceptor" daemon [_thread_in_native, id=15136, stack(0x0000000020ea0000,0x0000000020fa0000)]
  0x0000000020517000 JavaThread "http-nio-8080-Poller" daemon [_thread_in_native, id=14920, stack(0x0000000020af0000,0x0000000020bf0000)]
  0x000000001aa4c800 JavaThread "container-0" [_thread_blocked, id=5920, stack(0x000000001e5e0000,0x000000001e6e0000)]
  0x000000001aa37000 JavaThread "Catalina-utility-2" [_thread_blocked, id=1680, stack(0x000000001e4e0000,0x000000001e5e0000)]
  0x000000001b7d6000 JavaThread "Catalina-utility-1" [_thread_blocked, id=18360, stack(0x000000001c610000,0x000000001c710000)]
  0x0000000019886000 JavaThread "Service Thread" daemon [_thread_blocked, id=10664, stack(0x000000001a3c0000,0x000000001a4c0000)]
  0x0000000019860800 JavaThread "C1 CompilerThread3" daemon [_thread_in_native, id=13772, stack(0x000000001a2c0000,0x000000001a3c0000)]
  0x0000000019839000 JavaThread "C2 CompilerThread2" daemon [_thread_blocked, id=8164, stack(0x000000001a1c0000,0x000000001a2c0000)]
  0x000000001982d000 JavaThread "C2 CompilerThread1" daemon [_thread_blocked, id=13876, stack(0x000000001a0c0000,0x000000001a1c0000)]
=>0x00000000197ef800 JavaThread "C2 CompilerThread0" daemon [_thread_in_native, id=11408, stack(0x0000000019fc0000,0x000000001a0c0000)]
  0x00000000197ee800 JavaThread "Attach Listener" daemon [_thread_blocked, id=14424, stack(0x0000000019ec0000,0x0000000019fc0000)]
  0x00000000197ee000 JavaThread "Signal Dispatcher" daemon [_thread_blocked, id=6600, stack(0x0000000019dc0000,0x0000000019ec0000)]
  0x00000000197e0800 JavaThread "Finalizer" daemon [_thread_blocked, id=14056, stack(0x0000000019bc0000,0x0000000019cc0000)]
  0x00000000178cd800 JavaThread "Reference Handler" daemon [_thread_blocked, id=15156, stack(0x00000000196c0000,0x00000000197c0000)]

Other Threads:
  0x00000000178c8800 VMThread [stack: 0x00000000195c0000,0x00000000196c0000] [id=5176]
  0x0000000019892000 WatcherThread [stack: 0x000000001a4c0000,0x000000001a5c0000] [id=10048]

VM state:not at safepoint (normal execution)

VM Mutex/Monitor currently owned by a thread: None

Heap:
 PSYoungGen      total 217088K, used 43177K [0x00000000d6100000, 0x00000000e4f80000, 0x0000000100000000)
  eden space 201728K, 21% used [0x00000000d6100000,0x00000000d8b2a778,0x00000000e2600000)
  from space 15360K, 0% used [0x00000000e2600000,0x00000000e2600000,0x00000000e3500000)
  to   space 10752K, 0% used [0x00000000e3500000,0x00000000e3500000,0x00000000e3f80000)
 ParOldGen       total 93184K, used 23052K [0x0000000082200000, 0x0000000087d00000, 0x00000000d6100000)
  object space 93184K, 24% used [0x0000000082200000,0x0000000083883158,0x0000000087d00000)
 Metaspace       used 62775K, capacity 65278K, committed 65664K, reserved 1110016K
  class space    used 8011K, capacity 8453K, committed 8576K, reserved 1048576K

Card table byte_map: [0x0000000011d70000,0x0000000012160000] byte_map_base: 0x000000001195f000

Marking Bits: (ParMarkBitMap*) 0x0000000069fca6c0
 Begin Bits: [0x0000000012c00000, 0x0000000014b78000)
 End Bits:   [0x0000000014b78000, 0x0000000016af0000)

Polling page: 0x00000000026f0000

CodeCache: size=245760Kb used=14339Kb max_used=14765Kb free=231420Kb
 bounds [0x00000000029b0000, 0x0000000003830000, 0x00000000119b0000]
 total_blobs=4641 nmethods=4064 adapters=489
 compilation: enabled

Compilation events (10 events):
Event: 19.892 Thread 0x0000000019860800 4647 %     3       org.eclipse.jdt.internal.compiler.parser.Parser::computeReverseTable @ 17 (92 bytes)
Event: 19.893 Thread 0x0000000019860800 nmethod 4647% 0x000000000350ad10 code [0x000000000350aec0, 0x000000000350b430]
Event: 19.893 Thread 0x0000000019860800 4648       3       org.eclipse.jdt.internal.compiler.parser.Parser::computeReverseTable (92 bytes)
Event: 19.893 Thread 0x0000000019860800 nmethod 4648 0x0000000002bf4a50 code [0x0000000002bf4be0, 0x0000000002bf5090]
Event: 19.907 Thread 0x000000001982d000 nmethod 4646 0x00000000032a3e50 code [0x00000000032a3fe0, 0x00000000032a47d8]
Event: 19.909 Thread 0x0000000019839000 nmethod 4641 0x0000000002dc2950 code [0x0000000002dc2ae0, 0x0000000002dc3358]
Event: 19.930 Thread 0x0000000019860800 4649       3       java.lang.Class::copyFields (36 bytes)
Event: 19.931 Thread 0x0000000019860800 nmethod 4649 0x00000000032f5490 code [0x00000000032f5680, 0x00000000032f6078]
Event: 19.932 Thread 0x0000000019860800 4650       3       java.lang.reflect.Field::getFieldAccessor (35 bytes)
Event: 19.933 Thread 0x0000000019860800 nmethod 4650 0x000000000314ab90 code [0x000000000314ad00, 0x000000000314af48]

GC Heap History (10 events):
Event: 11.733 GC heap before
{Heap before GC invocations=8 (full 1):
 PSYoungGen      total 125440K, used 85819K [0x00000000d6100000, 0x00000000df100000, 0x0000000100000000)
  eden space 117760K, 66% used [0x00000000d6100000,0x00000000dad69740,0x00000000dd400000)
  from space 7680K, 98% used [0x00000000de980000,0x00000000df0e5740,0x00000000df100000)
  to   space 9216K, 0% used [0x00000000ddf00000,0x00000000ddf00000,0x00000000de800000)
 ParOldGen       total 47616K, used 5132K [0x0000000082200000, 0x0000000085080000, 0x00000000d6100000)
  object space 47616K, 10% used [0x0000000082200000,0x00000000827030f8,0x0000000085080000)
 Metaspace       used 33186K, capacity 35310K, committed 35416K, reserved 1081344K
  class space    used 4177K, capacity 4547K, committed 4608K, reserved 1048576K
Event: 11.749 GC heap after
Heap after GC invocations=8 (full 1):
 PSYoungGen      total 138240K, used 9185K [0x00000000d6100000, 0x00000000e3f80000, 0x0000000100000000)
  eden space 129024K, 0% used [0x00000000d6100000,0x00000000d6100000,0x00000000ddf00000)
  from space 9216K, 99% used [0x00000000ddf00000,0x00000000de7f8560,0x00000000de800000)
  to   space 10752K, 0% used [0x00000000e3500000,0x00000000e3500000,0x00000000e3f80000)
 ParOldGen       total 47616K, used 6315K [0x0000000082200000, 0x0000000085080000, 0x00000000d6100000)
  object space 47616K, 13% used [0x0000000082200000,0x000000008282ac68,0x0000000085080000)
 Metaspace       used 33186K, capacity 35310K, committed 35416K, reserved 1081344K
  class space    used 4177K, capacity 4547K, committed 4608K, reserved 1048576K
}
Event: 11.749 GC heap before
{Heap before GC invocations=9 (full 2):
 PSYoungGen      total 138240K, used 9185K [0x00000000d6100000, 0x00000000e3f80000, 0x0000000100000000)
  eden space 129024K, 0% used [0x00000000d6100000,0x00000000d6100000,0x00000000ddf00000)
  from space 9216K, 99% used [0x00000000ddf00000,0x00000000de7f8560,0x00000000de800000)
  to   space 10752K, 0% used [0x00000000e3500000,0x00000000e3500000,0x00000000e3f80000)
 ParOldGen       total 47616K, used 6315K [0x0000000082200000, 0x0000000085080000, 0x00000000d6100000)
  object space 47616K, 13% used [0x0000000082200000,0x000000008282ac68,0x0000000085080000)
 Metaspace       used 33186K, capacity 35310K, committed 35416K, reserved 1081344K
  class space    used 4177K, capacity 4547K, committed 4608K, reserved 1048576K
Event: 11.864 GC heap after
Heap after GC invocations=9 (full 2):
 PSYoungGen      total 138240K, used 0K [0x00000000d6100000, 0x00000000e3f80000, 0x0000000100000000)
  eden space 129024K, 0% used [0x00000000d6100000,0x00000000d6100000,0x00000000ddf00000)
  from space 9216K, 0% used [0x00000000ddf00000,0x00000000ddf00000,0x00000000de800000)
  to   space 10752K, 0% used [0x00000000e3500000,0x00000000e3500000,0x00000000e3f80000)
 ParOldGen       total 67584K, used 14107K [0x0000000082200000, 0x0000000086400000, 0x00000000d6100000)
  object space 67584K, 20% used [0x0000000082200000,0x0000000082fc6f70,0x0000000086400000)
 Metaspace       used 33186K, capacity 35310K, committed 35416K, reserved 1081344K
  class space    used 4177K, capacity 4547K, committed 4608K, reserved 1048576K
}
Event: 16.611 GC heap before
{Heap before GC invocations=10 (full 2):
 PSYoungGen      total 138240K, used 129024K [0x00000000d6100000, 0x00000000e3f80000, 0x0000000100000000)
  eden space 129024K, 100% used [0x00000000d6100000,0x00000000ddf00000,0x00000000ddf00000)
  from space 9216K, 0% used [0x00000000ddf00000,0x00000000ddf00000,0x00000000de800000)
  to   space 10752K, 0% used [0x00000000e3500000,0x00000000e3500000,0x00000000e3f80000)
 ParOldGen       total 67584K, used 14107K [0x0000000082200000, 0x0000000086400000, 0x00000000d6100000)
  object space 67584K, 20% used [0x0000000082200000,0x0000000082fc6f70,0x0000000086400000)
 Metaspace       used 49367K, capacity 51788K, committed 51968K, reserved 1093632K
  class space    used 6425K, capacity 6874K, committed 6912K, reserved 1048576K
Event: 16.641 GC heap after
Heap after GC invocations=10 (full 2):
 PSYoungGen      total 212480K, used 10741K [0x00000000d6100000, 0x00000000e4f80000, 0x0000000100000000)
  eden space 201728K, 0% used [0x00000000d6100000,0x00000000d6100000,0x00000000e2600000)
  from space 10752K, 99% used [0x00000000e3500000,0x00000000e3f7d5c0,0x00000000e3f80000)
  to   space 15360K, 0% used [0x00000000e2600000,0x00000000e2600000,0x00000000e3500000)
 ParOldGen       total 67584K, used 22194K [0x0000000082200000, 0x0000000086400000, 0x00000000d6100000)
  object space 67584K, 32% used [0x0000000082200000,0x00000000837acae8,0x0000000086400000)
 Metaspace       used 49367K, capacity 51788K, committed 51968K, reserved 1093632K
  class space    used 6425K, capacity 6874K, committed 6912K, reserved 1048576K
}
Event: 18.367 GC heap before
{Heap before GC invocations=11 (full 2):
 PSYoungGen      total 212480K, used 69666K [0x00000000d6100000, 0x00000000e4f80000, 0x0000000100000000)
  eden space 201728K, 29% used [0x00000000d6100000,0x00000000d9a8b5c8,0x00000000e2600000)
  from space 10752K, 99% used [0x00000000e3500000,0x00000000e3f7d5c0,0x00000000e3f80000)
  to   space 15360K, 0% used [0x00000000e2600000,0x00000000e2600000,0x00000000e3500000)
 ParOldGen       total 67584K, used 22194K [0x0000000082200000, 0x0000000086400000, 0x00000000d6100000)
  object space 67584K, 32% used [0x0000000082200000,0x00000000837acae8,0x0000000086400000)
 Metaspace       used 56324K, capacity 58766K, committed 59028K, reserved 1099776K
  class space    used 7412K, capacity 7863K, committed 7936K, reserved 1048576K
Event: 18.411 GC heap after
Heap after GC invocations=11 (full 2):
 PSYoungGen      total 217088K, used 14384K [0x00000000d6100000, 0x00000000e4f80000, 0x0000000100000000)
  eden space 201728K, 0% used [0x00000000d6100000,0x00000000d6100000,0x00000000e2600000)
  from space 15360K, 93% used [0x00000000e2600000,0x00000000e340c3d0,0x00000000e3500000)
  to   space 10752K, 0% used [0x00000000e3500000,0x00000000e3500000,0x00000000e3f80000)
 ParOldGen       total 67584K, used 22202K [0x0000000082200000, 0x0000000086400000, 0x00000000d6100000)
  object space 67584K, 32% used [0x0000000082200000,0x00000000837aeae8,0x0000000086400000)
 Metaspace       used 56324K, capacity 58766K, committed 59028K, reserved 1099776K
  class space    used 7412K, capacity 7863K, committed 7936K, reserved 1048576K
}
Event: 18.411 GC heap before
{Heap before GC invocations=12 (full 3):
 PSYoungGen      total 217088K, used 14384K [0x00000000d6100000, 0x00000000e4f80000, 0x0000000100000000)
  eden space 201728K, 0% used [0x00000000d6100000,0x00000000d6100000,0x00000000e2600000)
  from space 15360K, 93% used [0x00000000e2600000,0x00000000e340c3d0,0x00000000e3500000)
  to   space 10752K, 0% used [0x00000000e3500000,0x00000000e3500000,0x00000000e3f80000)
 ParOldGen       total 67584K, used 22202K [0x0000000082200000, 0x0000000086400000, 0x00000000d6100000)
  object space 67584K, 32% used [0x0000000082200000,0x00000000837aeae8,0x0000000086400000)
 Metaspace       used 56324K, capacity 58766K, committed 59028K, reserved 1099776K
  class space    used 7412K, capacity 7863K, committed 7936K, reserved 1048576K
Event: 18.648 GC heap after
Heap after GC invocations=12 (full 3):
 PSYoungGen      total 217088K, used 0K [0x00000000d6100000, 0x00000000e4f80000, 0x0000000100000000)
  eden space 201728K, 0% used [0x00000000d6100000,0x00000000d6100000,0x00000000e2600000)
  from space 15360K, 0% used [0x00000000e2600000,0x00000000e2600000,0x00000000e3500000)
  to   space 10752K, 0% used [0x00000000e3500000,0x00000000e3500000,0x00000000e3f80000)
 ParOldGen       total 93184K, used 23052K [0x0000000082200000, 0x0000000087d00000, 0x00000000d6100000)
  object space 93184K, 24% used [0x0000000082200000,0x0000000083883158,0x0000000087d00000)
 Metaspace       used 56324K, capacity 58766K, committed 59028K, reserved 1099776K
  class space    used 7412K, capacity 7863K, committed 7936K, reserved 1048576K
}

Deoptimization events (10 events):
Event: 18.247 Thread 0x000000001d547800 Uncommon trap: reason=unstable_if action=reinterpret pc=0x0000000002ad65c0 method=java.lang.CharacterData.of(I)Ljava/lang/CharacterData; @ 4
Event: 19.023 Thread 0x000000001d547800 Uncommon trap: reason=unstable_if action=reinterpret pc=0x00000000037e24d8 method=java.net.URL.<init>(Ljava/net/URL;Ljava/lang/String;Ljava/net/URLStreamHandler;)V @ 30
Event: 19.184 Thread 0x000000001d547800 Uncommon trap: reason=unstable_if action=reinterpret pc=0x0000000003672684 method=java.util.Properties$LineReader.readLine()I @ 180
Event: 19.321 Thread 0x000000001d547800 Uncommon trap: reason=class_check action=maybe_recompile pc=0x00000000032d2508 method=com.sun.org.apache.xerces.internal.parsers.AbstractSAXParser.characters(Lcom/sun/org/apache/xerces/internal/xni/XMLString;Lcom/sun/org/apache/xerces/internal/xni/Augment
Event: 19.322 Thread 0x000000001d547800 Uncommon trap: reason=class_check action=maybe_recompile pc=0x00000000035bac9c method=com.sun.org.apache.xerces.internal.impl.XMLNSDocumentScannerImpl.scanStartElement()Z @ 953
Event: 19.322 Thread 0x000000001d547800 Uncommon trap: reason=class_check action=maybe_recompile pc=0x00000000032d2508 method=com.sun.org.apache.xerces.internal.parsers.AbstractSAXParser.characters(Lcom/sun/org/apache/xerces/internal/xni/XMLString;Lcom/sun/org/apache/xerces/internal/xni/Augment
Event: 19.322 Thread 0x000000001d547800 Uncommon trap: reason=class_check action=maybe_recompile pc=0x00000000032d2508 method=com.sun.org.apache.xerces.internal.parsers.AbstractSAXParser.characters(Lcom/sun/org/apache/xerces/internal/xni/XMLString;Lcom/sun/org/apache/xerces/internal/xni/Augment
Event: 19.322 Thread 0x000000001d547800 Uncommon trap: reason=unstable_if action=reinterpret pc=0x000000000356edd0 method=com.sun.org.apache.xerces.internal.impl.XMLEntityScanner.scanData(Ljava/lang/String;Lcom/sun/org/apache/xerces/internal/util/XMLStringBuffer;)Z @ 384
Event: 19.322 Thread 0x000000001d547800 Uncommon trap: reason=class_check action=maybe_recompile pc=0x00000000032d2508 method=com.sun.org.apache.xerces.internal.parsers.AbstractSAXParser.characters(Lcom/sun/org/apache/xerces/internal/xni/XMLString;Lcom/sun/org/apache/xerces/internal/xni/Augment
Event: 19.322 Thread 0x000000001d547800 Uncommon trap: reason=unstable_if action=reinterpret pc=0x0000000002b0ebb0 method=com.sun.org.apache.xerces.internal.impl.XMLEntityScanner.scanData(Ljava/lang/String;Lcom/sun/org/apache/xerces/internal/util/XMLStringBuffer;)Z @ 923

Internal exceptions (10 events):
Event: 19.406 Thread 0x000000001d547800 Exception <a 'java/lang/ClassNotFoundException': org/apache/taglibs/standard/tag/rt/core/ForEachTagBeanInfo> (0x00000000d735b5f0) thrown at [C:\re\workspace\8-2-build-windows-amd64-cygwin\jdk8u111\7883\hotspot\src\share\vm\classfile\systemDictionary.cpp, 
Event: 19.408 Thread 0x000000001d547800 Exception <a 'java/lang/ClassNotFoundException': org/apache/taglibs/standard/tag/common/core/ForEachSupportBeanInfo> (0x00000000d7370310) thrown at [C:\re\workspace\8-2-build-windows-amd64-cygwin\jdk8u111\7883\hotspot\src\share\vm\classfile\systemDictiona
Event: 19.409 Thread 0x000000001d547800 Exception <a 'java/lang/ClassNotFoundException': javax/servlet/jsp/jstl/core/LoopTagSupportBeanInfo> (0x00000000d7382118) thrown at [C:\re\workspace\8-2-build-windows-amd64-cygwin\jdk8u111\7883\hotspot\src\share\vm\classfile\systemDictionary.cpp, line 210
Event: 19.411 Thread 0x000000001d547800 Exception <a 'java/lang/ClassNotFoundException': javax/servlet/jsp/tagext/TagSupportBeanInfo> (0x00000000d7393108) thrown at [C:\re\workspace\8-2-build-windows-amd64-cygwin\jdk8u111\7883\hotspot\src\share\vm\classfile\systemDictionary.cpp, line 210]
Event: 19.413 Thread 0x000000001d547800 Exception <a 'java/lang/ClassNotFoundException': java/lang/ObjectBeanInfo> (0x00000000d739b000) thrown at [C:\re\workspace\8-2-build-windows-amd64-cygwin\jdk8u111\7883\hotspot\src\share\vm\classfile\systemDictionary.cpp, line 210]
Event: 19.414 Thread 0x000000001d547800 Exception <a 'java/lang/ClassNotFoundException': java/lang/ObjectCustomizer> (0x00000000d73a2f18) thrown at [C:\re\workspace\8-2-build-windows-amd64-cygwin\jdk8u111\7883\hotspot\src\share\vm\classfile\systemDictionary.cpp, line 210]
Event: 19.417 Thread 0x000000001d547800 Exception <a 'java/lang/ClassNotFoundException': javax/servlet/jsp/tagext/TagSupportCustomizer> (0x00000000d73b8f28) thrown at [C:\re\workspace\8-2-build-windows-amd64-cygwin\jdk8u111\7883\hotspot\src\share\vm\classfile\systemDictionary.cpp, line 210]
Event: 19.420 Thread 0x000000001d547800 Exception <a 'java/lang/ClassNotFoundException': javax/servlet/jsp/jstl/core/LoopTagSupportCustomizer> (0x00000000d73d8e00) thrown at [C:\re\workspace\8-2-build-windows-amd64-cygwin\jdk8u111\7883\hotspot\src\share\vm\classfile\systemDictionary.cpp, line 2
Event: 19.428 Thread 0x000000001d547800 Exception <a 'java/lang/ClassNotFoundException': org/apache/taglibs/standard/tag/common/core/ForEachSupportCustomizer> (0x00000000d7418980) thrown at [C:\re\workspace\8-2-build-windows-amd64-cygwin\jdk8u111\7883\hotspot\src\share\vm\classfile\systemDictio
Event: 19.432 Thread 0x000000001d547800 Exception <a 'java/lang/ClassNotFoundException': org/apache/taglibs/standard/tag/rt/core/ForEachTagCustomizer> (0x00000000d743b800) thrown at [C:\re\workspace\8-2-build-windows-amd64-cygwin\jdk8u111\7883\hotspot\src\share\vm\classfile\systemDictionary.cpp

Events (10 events):
Event: 19.959 loading class org/eclipse/jdt/internal/compiler/problem/ShouldNotImplement
Event: 19.959 loading class org/eclipse/jdt/internal/compiler/problem/ShouldNotImplement done
Event: 19.962 loading class org/eclipse/jdt/internal/compiler/ast/TypeReference$AnnotationCollector
Event: 19.962 loading class org/eclipse/jdt/internal/compiler/ast/TypeReference$AnnotationCollector done
Event: 19.966 loading class org/eclipse/jdt/internal/compiler/parser/Scanner$VanguardScanner
Event: 19.966 loading class org/eclipse/jdt/internal/compiler/parser/Scanner$VanguardScanner done
Event: 19.966 loading class org/eclipse/jdt/internal/compiler/parser/Scanner$VanguardParser
Event: 19.966 loading class org/eclipse/jdt/internal/compiler/parser/Scanner$VanguardParser done
Event: 19.970 loading class org/eclipse/jdt/internal/compiler/lookup/PolyTypeBinding
Event: 19.970 loading class org/eclipse/jdt/internal/compiler/lookup/PolyTypeBinding done


Dynamic libraries:
0x00007ff72d3d0000 - 0x00007ff72d407000 	C:\Program Files\Java\jdk1.8.0_111\bin\javaw.exe
0x00007fffaf790000 - 0x00007fffaf985000 	C:\WINDOWS\SYSTEM32\ntdll.dll
0x00007fffadf80000 - 0x00007fffae03e000 	C:\WINDOWS\System32\KERNEL32.DLL
0x00007fffad0f0000 - 0x00007fffad3b9000 	C:\WINDOWS\System32\KERNELBASE.dll
0x00007fffade70000 - 0x00007fffadf1c000 	C:\WINDOWS\System32\ADVAPI32.dll
0x00007fffae1f0000 - 0x00007fffae28e000 	C:\WINDOWS\System32\msvcrt.dll
0x00007fffadca0000 - 0x00007fffadd3b000 	C:\WINDOWS\System32\sechost.dll
0x00007fffadd40000 - 0x00007fffade6a000 	C:\WINDOWS\System32\RPCRT4.dll
0x00007fffae550000 - 0x00007fffae6f1000 	C:\WINDOWS\System32\USER32.dll
0x00007fffad7b0000 - 0x00007fffad7d2000 	C:\WINDOWS\System32\win32u.dll
0x00007fffae440000 - 0x00007fffae46b000 	C:\WINDOWS\System32\GDI32.dll
0x00007fffad520000 - 0x00007fffad62b000 	C:\WINDOWS\System32\gdi32full.dll
0x00007fffad630000 - 0x00007fffad6cd000 	C:\WINDOWS\System32\msvcp_win.dll
0x00007fffaceb0000 - 0x00007fffacfb0000 	C:\WINDOWS\System32\ucrtbase.dll
0x00007fffa1b00000 - 0x00007fffa1d9a000 	C:\WINDOWS\WinSxS\amd64_microsoft.windows.common-controls_6595b64144ccf1df_6.0.19041.1110_none_60b5254171f9507e\COMCTL32.dll
0x00007fffadc70000 - 0x00007fffadca0000 	C:\WINDOWS\System32\IMM32.DLL
0x000000006a050000 - 0x000000006a122000 	C:\Program Files\Java\jdk1.8.0_111\jre\bin\msvcr100.dll
0x00000000697b0000 - 0x000000006a04a000 	C:\Program Files\Java\jdk1.8.0_111\jre\bin\server\jvm.dll
0x00007fffaf740000 - 0x00007fffaf748000 	C:\WINDOWS\System32\PSAPI.DLL
0x00007fffa83a0000 - 0x00007fffa83a9000 	C:\WINDOWS\SYSTEM32\WSOCK32.dll
0x00007fffa2510000 - 0x00007fffa2537000 	C:\WINDOWS\SYSTEM32\WINMM.dll
0x00007fffae700000 - 0x00007fffae76b000 	C:\WINDOWS\System32\WS2_32.dll
0x00007fffa5e30000 - 0x00007fffa5e3a000 	C:\WINDOWS\SYSTEM32\VERSION.dll
0x00000000697a0000 - 0x00000000697af000 	C:\Program Files\Java\jdk1.8.0_111\jre\bin\verify.dll
0x0000000069770000 - 0x0000000069799000 	C:\Program Files\Java\jdk1.8.0_111\jre\bin\java.dll
0x0000000069750000 - 0x0000000069766000 	C:\Program Files\Java\jdk1.8.0_111\jre\bin\zip.dll
0x00007fffae7e0000 - 0x00007fffaef1f000 	C:\WINDOWS\System32\SHELL32.dll
0x00007fffaaf70000 - 0x00007fffab700000 	C:\WINDOWS\SYSTEM32\windows.storage.dll
0x00007fffad7e0000 - 0x00007fffadb35000 	C:\WINDOWS\System32\combase.dll
0x00007fffac900000 - 0x00007fffac92c000 	C:\WINDOWS\SYSTEM32\Wldp.dll
0x00007fffaf520000 - 0x00007fffaf5ce000 	C:\WINDOWS\System32\SHCORE.dll
0x00007fffadf20000 - 0x00007fffadf75000 	C:\WINDOWS\System32\shlwapi.dll
0x00007fffacdf0000 - 0x00007ffface0f000 	C:\WINDOWS\SYSTEM32\profapi.dll
0x0000000069740000 - 0x000000006974d000 	C:\Program Files\Java\jdk1.8.0_111\jre\bin\management.dll
0x0000000069720000 - 0x000000006973a000 	C:\Program Files\Java\jdk1.8.0_111\jre\bin\net.dll
0x00007fffac660000 - 0x00007fffac6ca000 	C:\WINDOWS\system32\mswsock.dll
0x00007fff93640000 - 0x00007fff93657000 	C:\WINDOWS\system32\napinsp.dll
0x00007fff935e0000 - 0x00007fff935fb000 	C:\WINDOWS\system32\pnrpnsp.dll
0x00007fffa2ce0000 - 0x00007fffa2cf5000 	C:\WINDOWS\system32\wshbth.dll
0x00007fffa8c70000 - 0x00007fffa8c8d000 	C:\WINDOWS\system32\NLAapi.dll
0x00007fffac2e0000 - 0x00007fffac31b000 	C:\WINDOWS\SYSTEM32\IPHLPAPI.DLL
0x00007fffac320000 - 0x00007fffac3ec000 	C:\WINDOWS\SYSTEM32\DNSAPI.dll
0x00007fffae7d0000 - 0x00007fffae7d8000 	C:\WINDOWS\System32\NSI.dll
0x00007fff935c0000 - 0x00007fff935d2000 	C:\WINDOWS\System32\winrnr.dll
0x00007fffa1270000 - 0x00007fffa127a000 	C:\Windows\System32\rasadhlp.dll
0x00007fffa0b00000 - 0x00007fffa0b7f000 	C:\WINDOWS\System32\fwpuclnt.dll
0x00007fffad0c0000 - 0x00007fffad0e7000 	C:\WINDOWS\System32\bcrypt.dll
0x0000000069700000 - 0x0000000069711000 	C:\Program Files\Java\jdk1.8.0_111\jre\bin\nio.dll
0x00007fffac850000 - 0x00007fffac868000 	C:\WINDOWS\SYSTEM32\CRYPTSP.dll
0x00007fffabf40000 - 0x00007fffabf74000 	C:\WINDOWS\system32\rsaenh.dll
0x00007fffacdb0000 - 0x00007fffacdde000 	C:\WINDOWS\SYSTEM32\USERENV.dll
0x00007fffad6d0000 - 0x00007fffad753000 	C:\WINDOWS\System32\bcryptprimitives.dll
0x00007fffac870000 - 0x00007fffac87c000 	C:\WINDOWS\SYSTEM32\CRYPTBASE.dll
0x00007fffa5640000 - 0x00007fffa5657000 	C:\WINDOWS\SYSTEM32\dhcpcsvc6.DLL
0x00007fffa5620000 - 0x00007fffa563d000 	C:\WINDOWS\SYSTEM32\dhcpcsvc.DLL
0x00000000696d0000 - 0x00000000696f4000 	C:\Program Files\Java\jdk1.8.0_111\jre\bin\sunec.dll
0x00000000696c0000 - 0x00000000696cb000 	C:\Program Files\Java\jdk1.8.0_111\jre\bin\sunmscapi.dll
0x00007fffad3c0000 - 0x00007fffad516000 	C:\WINDOWS\System32\CRYPT32.dll

VM Arguments:
jvm_args: -Dfile.encoding=UTF-8 
java_command: LeanMa.Hospital.LeanMaHospital.LeanMaHospitalApplication
java_class_path (initial): D:\Perkuliahan\Semester5\JAVA EE\week 7\LeanMaHospital\target\classes;C:\Users\user\.m2\repository\org\springframework\boot\spring-boot-starter-web\2.5.5\spring-boot-starter-web-2.5.5.jar;C:\Users\user\.m2\repository\org\springframework\boot\spring-boot-starter\2.5.5\spring-boot-starter-2.5.5.jar;C:\Users\user\.m2\repository\org\springframework\boot\spring-boot\2.5.5\spring-boot-2.5.5.jar;C:\Users\user\.m2\repository\org\springframework\boot\spring-boot-autoconfigure\2.5.5\spring-boot-autoconfigure-2.5.5.jar;C:\Users\user\.m2\repository\org\springframework\boot\spring-boot-starter-logging\2.5.5\spring-boot-starter-logging-2.5.5.jar;C:\Users\user\.m2\repository\ch\qos\logback\logback-classic\1.2.6\logback-classic-1.2.6.jar;C:\Users\user\.m2\repository\ch\qos\logback\logback-core\1.2.6\logback-core-1.2.6.jar;C:\Users\user\.m2\repository\org\apache\logging\log4j\log4j-to-slf4j\2.14.1\log4j-to-slf4j-2.14.1.jar;C:\Users\user\.m2\repository\org\apache\logging\log4j\log4j-api\2.14.1\log4j-api-2.14.1.jar;C:\Users\user\.m2\repository\org\slf4j\jul-to-slf4j\1.7.32\jul-to-slf4j-1.7.32.jar;C:\Users\user\.m2\repository\jakarta\annotation\jakarta.annotation-api\1.3.5\jakarta.annotation-api-1.3.5.jar;C:\Users\user\.m2\repository\org\yaml\snakeyaml\1.28\snakeyaml-1.28.jar;C:\Users\user\.m2\repository\org\springframework\boot\spring-boot-starter-json\2.5.5\spring-boot-starter-json-2.5.5.jar;C:\Users\user\.m2\repository\com\fasterxml\jackson\core\jackson-databind\2.12.5\jackson-databind-2.12.5.jar;C:\Users\user\.m2\repository\com\fasterxml\jackson\core\jackson-annotations\2.12.5\jackson-annotations-2.12.5.jar;C:\Users\user\.m2\repository\com\fasterxml\jackson\core\jackson-core\2.12.5\jackson-core-2.12.5.jar;C:\Users\user\.m2\repository\com\fasterxml\jackson\datatype\jackson-datatype-jdk8\2.12.5\jackson-datatype-jdk8-2.12.5.jar;C:\Users\user\.m2\repository\com\fasterxml\jackson\datatype\jackson-datatype-jsr310\2.12.5\jackson-datatype-jsr310-2.12.5.jar;C:\U
Launcher Type: SUN_STANDARD

Environment Variables:
USERNAME=user
OS=Windows_NT
PROCESSOR_IDENTIFIER=Intel64 Family 6 Model 142 Stepping 11, GenuineIntel



---------------  S Y S T E M  ---------------

OS: Windows 10.0 , 64 bit Build 19041 (10.0.19041.1202)

CPU:total 8 (4 cores per cpu, 2 threads per core) family 6 model 142 stepping 11, cmov, cx8, fxsr, mmx, sse, sse2, sse3, ssse3, sse4.1, sse4.2, popcnt, avx, avx2, aes, clmul, erms, 3dnowpref, lzcnt, ht, tsc, tscinvbit, bmi1, bmi2, adx

Memory: 4k page, physical 8241396k(515784k free), swap 13361396k(2180k free)

vm_info: Java HotSpot(TM) 64-Bit Server VM (25.111-b14) for windows-amd64 JRE (1.8.0_111-b14), built on Sep 22 2016 19:24:05 by "java_re" with MS VC++ 10.0 (VS2010)

time: Sun Oct 10 16:20:51 2021
elapsed time: 20 seconds (0d 0h 0m 20s)

