#
# There is insufficient memory for the Java Runtime Environment to continue.
# Native memory allocation (malloc) failed to allocate 32744 bytes for ChunkPool::allocate
# Possible reasons:
#   The system is out of physical RAM or swap space
#   In 32 bit mode, the process size limit was hit
# Possible solutions:
#   Reduce memory load on the system
#   Increase physical memory or swap space
#   Check if swap backing store is full
#   Use 64 bit Java on a 64 bit OS
#   Decrease Java heap size (-Xmx/-Xms)
#   Decrease number of Java threads
#   Decrease Java thread stack sizes (-Xss)
#   Set larger code cache with -XX:ReservedCodeCacheSize=
# This output file may be truncated or incomplete.
#
#  Out of Memory Error (allocation.cpp:273), pid=14860, tid=0x0000000000002048
#
# JRE version: Java(TM) SE Runtime Environment (8.0_111-b14) (build 1.8.0_111-b14)
# Java VM: Java HotSpot(TM) 64-Bit Server VM (25.111-b14 mixed mode windows-amd64 compressed oops)
# Failed to write core dump. Minidumps are not enabled by default on client versions of Windows
#

---------------  T H R E A D  ---------------

Current thread (0x0000000019993000):  JavaThread "http-nio-8080-exec-3" daemon [_thread_in_vm, id=8264, stack(0x0000000021590000,0x0000000021690000)]

Stack: [0x0000000021590000,0x0000000021690000]
[error occurred during error reporting (printing stack bounds), id 0xc0000005]

Native frames: (J=compiled Java code, j=interpreted, Vv=VM code, C=native code)

Java frames: (J=compiled Java code, j=interpreted, Vv=VM code)
J 509  java.lang.Throwable.fillInStackTrace(I)Ljava/lang/Throwable; (0 bytes) @ 0x0000000002d8337b [0x0000000002d83340+0x3b]
J 4376 C2 java.lang.ReflectiveOperationException.<init>(Ljava/lang/String;Ljava/lang/Throwable;)V (7 bytes) @ 0x00000000038ee6a0 [0x00000000038ee5e0+0xc0]
J 4369 C2 java.net.URLClassLoader.findClass(Ljava/lang/String;)Ljava/lang/Class; (47 bytes) @ 0x00000000038ddd6c [0x00000000038ddc60+0x10c]
J 4354 C2 java.lang.ClassLoader.loadClass(Ljava/lang/String;)Ljava/lang/Class; (7 bytes) @ 0x00000000038e3408 [0x00000000038e2bc0+0x848]
v  ~StubRoutines::call_stub
j  org.apache.jasper.el.ELContextImpl.<clinit>()V+39
v  ~StubRoutines::call_stub
j  org.apache.jasper.compiler.Validator$ValidateVisitor.getJspAttribute(Ljavax/servlet/jsp/tagext/TagAttributeInfo;Ljava/lang/String;Ljava/lang/String;Ljava/lang/String;Ljava/lang/String;Lorg/apache/jasper/compiler/Node;Lorg/apache/jasper/compiler/ELNode$Nodes;Z)Lorg/apache/jasper/compiler/Node$JspAttribute;+298
j  org.apache.jasper.compiler.Validator$ValidateVisitor.checkXmlAttributes(Lorg/apache/jasper/compiler/Node$CustomTag;[Lorg/apache/jasper/compiler/Node$JspAttribute;Ljava/util/Hashtable;)V+1005
j  org.apache.jasper.compiler.Validator$ValidateVisitor.visit(Lorg/apache/jasper/compiler/Node$CustomTag;)V+352
j  org.apache.jasper.compiler.Node$CustomTag.accept(Lorg/apache/jasper/compiler/Node$Visitor;)V+2
j  org.apache.jasper.compiler.Node$Nodes.visit(Lorg/apache/jasper/compiler/Node$Visitor;)V+31
j  org.apache.jasper.compiler.Node$Visitor.visitBody(Lorg/apache/jasper/compiler/Node;)V+12
j  org.apache.jasper.compiler.Node$Visitor.visit(Lorg/apache/jasper/compiler/Node$Root;)V+7
j  org.apache.jasper.compiler.Node$Root.accept(Lorg/apache/jasper/compiler/Node$Visitor;)V+2
j  org.apache.jasper.compiler.Node$Nodes.visit(Lorg/apache/jasper/compiler/Node$Visitor;)V+31
j  org.apache.jasper.compiler.Validator.validateExDirectives(Lorg/apache/jasper/compiler/Compiler;Lorg/apache/jasper/compiler/Node$Nodes;)V+142
j  org.apache.jasper.compiler.Compiler.generateJava()Ljava/util/Map;+586
j  org.apache.jasper.compiler.Compiler.compile(ZZ)V+35
j  org.apache.jasper.compiler.Compiler.compile(Z)V+3
j  org.apache.jasper.compiler.Compiler.compile()V+2
j  org.apache.jasper.JspCompilationContext.compile()V+50
j  org.apache.jasper.servlet.JspServletWrapper.service(Ljavax/servlet/http/HttpServletRequest;Ljavax/servlet/http/HttpServletResponse;Z)V+132
j  org.apache.jasper.servlet.JspServlet.serviceJspFile(Ljavax/servlet/http/HttpServletRequest;Ljavax/servlet/http/HttpServletResponse;Ljava/lang/String;Z)V+112
j  org.apache.jasper.servlet.JspServlet.service(Ljavax/servlet/http/HttpServletRequest;Ljavax/servlet/http/HttpServletResponse;)V+328
j  javax.servlet.http.HttpServlet.service(Ljavax/servlet/ServletRequest;Ljavax/servlet/ServletResponse;)V+36
j  org.apache.catalina.core.ApplicationFilterChain.internalDoFilter(Ljavax/servlet/ServletRequest;Ljavax/servlet/ServletResponse;)V+304
j  org.apache.catalina.core.ApplicationFilterChain.doFilter(Ljavax/servlet/ServletRequest;Ljavax/servlet/ServletResponse;)V+99
j  org.apache.tomcat.websocket.server.WsFilter.doFilter(Ljavax/servlet/ServletRequest;Ljavax/servlet/ServletResponse;Ljavax/servlet/FilterChain;)V+21
j  org.apache.catalina.core.ApplicationFilterChain.internalDoFilter(Ljavax/servlet/ServletRequest;Ljavax/servlet/ServletResponse;)V+135
j  org.apache.catalina.core.ApplicationFilterChain.doFilter(Ljavax/servlet/ServletRequest;Ljavax/servlet/ServletResponse;)V+99
j  org.springframework.web.filter.OncePerRequestFilter.doFilter(Ljavax/servlet/ServletRequest;Ljavax/servlet/ServletResponse;Ljavax/servlet/FilterChain;)V+122
j  org.apache.catalina.core.ApplicationFilterChain.internalDoFilter(Ljavax/servlet/ServletRequest;Ljavax/servlet/ServletResponse;)V+135
j  org.apache.catalina.core.ApplicationFilterChain.doFilter(Ljavax/servlet/ServletRequest;Ljavax/servlet/ServletResponse;)V+99
j  org.springframework.web.filter.OncePerRequestFilter.doFilter(Ljavax/servlet/ServletRequest;Ljavax/servlet/ServletResponse;Ljavax/servlet/FilterChain;)V+122
j  org.apache.catalina.core.ApplicationFilterChain.internalDoFilter(Ljavax/servlet/ServletRequest;Ljavax/servlet/ServletResponse;)V+135
j  org.apache.catalina.core.ApplicationFilterChain.doFilter(Ljavax/servlet/ServletRequest;Ljavax/servlet/ServletResponse;)V+99
j  org.springframework.web.filter.OncePerRequestFilter.doFilter(Ljavax/servlet/ServletRequest;Ljavax/servlet/ServletResponse;Ljavax/servlet/FilterChain;)V+122
j  org.apache.catalina.core.ApplicationFilterChain.internalDoFilter(Ljavax/servlet/ServletRequest;Ljavax/servlet/ServletResponse;)V+135
j  org.apache.catalina.core.ApplicationFilterChain.doFilter(Ljavax/servlet/ServletRequest;Ljavax/servlet/ServletResponse;)V+99
j  org.apache.catalina.core.ApplicationDispatcher.invoke(Ljavax/servlet/ServletRequest;Ljavax/servlet/ServletResponse;Lorg/apache/catalina/core/ApplicationDispatcher$State;)V+341
j  org.apache.catalina.core.ApplicationDispatcher.processRequest(Ljavax/servlet/ServletRequest;Ljavax/servlet/ServletResponse;Lorg/apache/catalina/core/ApplicationDispatcher$State;)V+98
j  org.apache.catalina.core.ApplicationDispatcher.doForward(Ljavax/servlet/ServletRequest;Ljavax/servlet/ServletResponse;)V+357
j  org.apache.catalina.core.ApplicationDispatcher.forward(Ljavax/servlet/ServletRequest;Ljavax/servlet/ServletResponse;)V+55
j  org.springframework.web.servlet.view.InternalResourceView.renderMergedOutputModel(Ljava/util/Map;Ljavax/servlet/http/HttpServletRequest;Ljavax/servlet/http/HttpServletResponse;)V+199
j  org.springframework.web.servlet.view.AbstractView.render(Ljava/util/Map;Ljavax/servlet/http/HttpServletRequest;Ljavax/servlet/http/HttpServletResponse;)V+128
j  org.springframework.web.servlet.DispatcherServlet.render(Lorg/springframework/web/servlet/ModelAndView;Ljavax/servlet/http/HttpServletRequest;Ljavax/servlet/http/HttpServletResponse;)V+246
j  org.springframework.web.servlet.DispatcherServlet.processDispatchResult(Ljavax/servlet/http/HttpServletRequest;Ljavax/servlet/http/HttpServletResponse;Lorg/springframework/web/servlet/HandlerExecutionChain;Lorg/springframework/web/servlet/ModelAndView;Ljava/lang/Exception;)V+98
j  org.springframework.web.servlet.DispatcherServlet.doDispatch(Ljavax/servlet/http/HttpServletRequest;Ljavax/servlet/http/HttpServletResponse;)V+360
j  org.springframework.web.servlet.DispatcherServlet.doService(Ljavax/servlet/http/HttpServletRequest;Ljavax/servlet/http/HttpServletResponse;)V+241
j  org.springframework.web.servlet.FrameworkServlet.processRequest(Ljavax/servlet/http/HttpServletRequest;Ljavax/servlet/http/HttpServletResponse;)V+71
j  org.springframework.web.servlet.FrameworkServlet.doGet(Ljavax/servlet/http/HttpServletRequest;Ljavax/servlet/http/HttpServletResponse;)V+3
j  javax.servlet.http.HttpServlet.service(Ljavax/servlet/http/HttpServletRequest;Ljavax/servlet/http/HttpServletResponse;)V+35
j  org.springframework.web.servlet.FrameworkServlet.service(Ljavax/servlet/http/HttpServletRequest;Ljavax/servlet/http/HttpServletResponse;)V+33
j  javax.servlet.http.HttpServlet.service(Ljavax/servlet/ServletRequest;Ljavax/servlet/ServletResponse;)V+36
j  org.apache.catalina.core.ApplicationFilterChain.internalDoFilter(Ljavax/servlet/ServletRequest;Ljavax/servlet/ServletResponse;)V+304
j  org.apache.catalina.core.ApplicationFilterChain.doFilter(Ljavax/servlet/ServletRequest;Ljavax/servlet/ServletResponse;)V+99
j  org.apache.tomcat.websocket.server.WsFilter.doFilter(Ljavax/servlet/ServletRequest;Ljavax/servlet/ServletResponse;Ljavax/servlet/FilterChain;)V+21
j  org.apache.catalina.core.ApplicationFilterChain.internalDoFilter(Ljavax/servlet/ServletRequest;Ljavax/servlet/ServletResponse;)V+135
j  org.apache.catalina.core.ApplicationFilterChain.doFilter(Ljavax/servlet/ServletRequest;Ljavax/servlet/ServletResponse;)V+99
j  org.springframework.web.filter.RequestContextFilter.doFilterInternal(Ljavax/servlet/http/HttpServletRequest;Ljavax/servlet/http/HttpServletResponse;Ljavax/servlet/FilterChain;)V+21
j  org.springframework.web.filter.OncePerRequestFilter.doFilter(Ljavax/servlet/ServletRequest;Ljavax/servlet/ServletResponse;Ljavax/servlet/FilterChain;)V+147
j  org.apache.catalina.core.ApplicationFilterChain.internalDoFilter(Ljavax/servlet/ServletRequest;Ljavax/servlet/ServletResponse;)V+135
j  org.apache.catalina.core.ApplicationFilterChain.doFilter(Ljavax/servlet/ServletRequest;Ljavax/servlet/ServletResponse;)V+99
j  org.springframework.web.filter.FormContentFilter.doFilterInternal(Ljavax/servlet/http/HttpServletRequest;Ljavax/servlet/http/HttpServletResponse;Ljavax/servlet/FilterChain;)V+38
j  org.springframework.web.filter.OncePerRequestFilter.doFilter(Ljavax/servlet/ServletRequest;Ljavax/servlet/ServletResponse;Ljavax/servlet/FilterChain;)V+147
j  org.apache.catalina.core.ApplicationFilterChain.internalDoFilter(Ljavax/servlet/ServletRequest;Ljavax/servlet/ServletResponse;)V+135
j  org.apache.catalina.core.ApplicationFilterChain.doFilter(Ljavax/servlet/ServletRequest;Ljavax/servlet/ServletResponse;)V+99
j  org.springframework.web.filter.CharacterEncodingFilter.doFilterInternal(Ljavax/servlet/http/HttpServletRequest;Ljavax/servlet/http/HttpServletResponse;Ljavax/servlet/FilterChain;)V+53
j  org.springframework.web.filter.OncePerRequestFilter.doFilter(Ljavax/servlet/ServletRequest;Ljavax/servlet/ServletResponse;Ljavax/servlet/FilterChain;)V+147
j  org.apache.catalina.core.ApplicationFilterChain.internalDoFilter(Ljavax/servlet/ServletRequest;Ljavax/servlet/ServletResponse;)V+135
j  org.apache.catalina.core.ApplicationFilterChain.doFilter(Ljavax/servlet/ServletRequest;Ljavax/servlet/ServletResponse;)V+99
j  org.apache.catalina.core.StandardWrapperValve.invoke(Lorg/apache/catalina/connector/Request;Lorg/apache/catalina/connector/Response;)V+694
j  org.apache.catalina.core.StandardContextValve.invoke(Lorg/apache/catalina/connector/Request;Lorg/apache/catalina/connector/Response;)V+169
j  org.apache.catalina.authenticator.AuthenticatorBase.invoke(Lorg/apache/catalina/connector/Request;Lorg/apache/catalina/connector/Response;)V+260
j  org.apache.catalina.core.StandardHostValve.invoke(Lorg/apache/catalina/connector/Request;Lorg/apache/catalina/connector/Response;)V+128
j  org.apache.catalina.valves.ErrorReportValve.invoke(Lorg/apache/catalina/connector/Request;Lorg/apache/catalina/connector/Response;)V+6
j  org.apache.catalina.core.StandardEngineValve.invoke(Lorg/apache/catalina/connector/Request;Lorg/apache/catalina/connector/Response;)V+59
j  org.apache.catalina.connector.CoyoteAdapter.service(Lorg/apache/coyote/Request;Lorg/apache/coyote/Response;)V+199
j  org.apache.coyote.http11.Http11Processor.service(Lorg/apache/tomcat/util/net/SocketWrapperBase;)Lorg/apache/tomcat/util/net/AbstractEndpoint$Handler$SocketState;+737
j  org.apache.coyote.AbstractProcessorLight.process(Lorg/apache/tomcat/util/net/SocketWrapperBase;Lorg/apache/tomcat/util/net/SocketEvent;)Lorg/apache/tomcat/util/net/AbstractEndpoint$Handler$SocketState;+170
j  org.apache.coyote.AbstractProtocol$ConnectionHandler.process(Lorg/apache/tomcat/util/net/SocketWrapperBase;Lorg/apache/tomcat/util/net/SocketEvent;)Lorg/apache/tomcat/util/net/AbstractEndpoint$Handler$SocketState;+505
j  org.apache.tomcat.util.net.NioEndpoint$SocketProcessor.doRun()V+216
j  org.apache.tomcat.util.net.SocketProcessorBase.run()V+21
j  org.apache.tomcat.util.threads.ThreadPoolExecutor.runWorker(Lorg/apache/tomcat/util/threads/ThreadPoolExecutor$Worker;)V+92
j  org.apache.tomcat.util.threads.ThreadPoolExecutor$Worker.run()V+5
j  org.apache.tomcat.util.threads.TaskThread$WrappingRunnable.run()V+4
j  java.lang.Thread.run()V+11
v  ~StubRoutines::call_stub

---------------  P R O C E S S  ---------------

Java Threads: ( => current thread )
=>0x0000000019993000 JavaThread "http-nio-8080-exec-3" daemon [_thread_in_vm, id=8264, stack(0x0000000021590000,0x0000000021690000)]
  0x0000000019996000 JavaThread "Hibernate Connection Pool Validation Thread" daemon [_thread_blocked, id=11708, stack(0x0000000021090000,0x0000000021190000)]
  0x0000000019992800 JavaThread "http-nio-8080-exec-2" daemon [_thread_blocked, id=13172, stack(0x0000000020c90000,0x0000000020d90000)]
  0x0000000019998800 JavaThread "mysql-cj-abandoned-connection-cleanup" daemon [_thread_blocked, id=992, stack(0x0000000020990000,0x0000000020a90000)]
  0x000000001dc2b800 JavaThread "http-nio-8080-exec-1" daemon [_thread_blocked, id=12808, stack(0x000000001fe90000,0x000000001ff90000)]
  0x0000000002974800 JavaThread "DestroyJavaVM" [_thread_blocked, id=7544, stack(0x0000000002820000,0x0000000002920000)]
  0x000000001d028000 JavaThread "http-nio-8080-Acceptor" daemon [_thread_in_native, id=988, stack(0x000000001fd90000,0x000000001fe90000)]
  0x000000001ed55000 JavaThread "http-nio-8080-Poller" daemon [_thread_in_native, id=12612, stack(0x000000001fc90000,0x000000001fd90000)]
  0x000000001d390800 JavaThread "container-0" [_thread_blocked, id=6812, stack(0x000000001e570000,0x000000001e670000)]
  0x000000001d38f800 JavaThread "Catalina-utility-2" [_thread_blocked, id=14856, stack(0x000000001e470000,0x000000001e570000)]
  0x000000001d38f000 JavaThread "Catalina-utility-1" [_thread_blocked, id=17832, stack(0x000000001c7a0000,0x000000001c8a0000)]
  0x00000000199d0000 JavaThread "Service Thread" daemon [_thread_blocked, id=16680, stack(0x000000001a550000,0x000000001a650000)]
  0x0000000019994800 JavaThread "C1 CompilerThread3" daemon [_thread_blocked, id=9220, stack(0x000000001a450000,0x000000001a550000)]
  0x000000001998c800 JavaThread "C2 CompilerThread2" daemon [_thread_blocked, id=10076, stack(0x000000001a350000,0x000000001a450000)]
  0x0000000019982800 JavaThread "C2 CompilerThread1" daemon [_thread_in_native, id=13452, stack(0x000000001a250000,0x000000001a350000)]
  0x000000001997f800 JavaThread "C2 CompilerThread0" daemon [_thread_in_native, id=8972, stack(0x000000001a150000,0x000000001a250000)]
  0x000000001997e800 JavaThread "Attach Listener" daemon [_thread_blocked, id=4136, stack(0x000000001a050000,0x000000001a150000)]
  0x000000001997d000 JavaThread "Signal Dispatcher" daemon [_thread_blocked, id=11900, stack(0x0000000019f50000,0x000000001a050000)]
  0x0000000002a6d800 JavaThread "Finalizer" daemon [_thread_blocked, id=18016, stack(0x0000000019d50000,0x0000000019e50000)]
  0x0000000002a6a800 JavaThread "Reference Handler" daemon [_thread_blocked, id=11248, stack(0x0000000019850000,0x0000000019950000)]

Other Threads:
  0x0000000017a59800 VMThread [stack: 0x0000000019750000,0x0000000019850000] [id=15148]
  0x00000000199d3000 WatcherThread [stack: 0x000000001a650000,0x000000001a750000] [id=4944]

VM state:not at safepoint (normal execution)

VM Mutex/Monitor currently owned by a thread: None

Heap:
 PSYoungGen      total 169984K, used 15546K [0x00000000d6100000, 0x00000000e4c80000, 0x0000000100000000)
  eden space 154624K, 10% used [0x00000000d6100000,0x00000000d702e8d0,0x00000000df800000)
  from space 15360K, 0% used [0x00000000df800000,0x00000000df800000,0x00000000e0700000)
  to   space 17408K, 0% used [0x00000000e3b80000,0x00000000e3b80000,0x00000000e4c80000)
 ParOldGen       total 82432K, used 23329K [0x0000000082200000, 0x0000000087280000, 0x00000000d6100000)
  object space 82432K, 28% used [0x0000000082200000,0x00000000838c8530,0x0000000087280000)
 Metaspace       used 58165K, capacity 60814K, committed 61184K, reserved 1101824K
  class space    used 7650K, capacity 8123K, committed 8192K, reserved 1048576K

Card table byte_map: [0x0000000011f00000,0x00000000122f0000] byte_map_base: 0x0000000011aef000

Marking Bits: (ParMarkBitMap*) 0x0000000069fca6c0
 Begin Bits: [0x0000000012d90000, 0x0000000014d08000)
 End Bits:   [0x0000000014d08000, 0x0000000016c80000)

Polling page: 0x0000000000fc0000

CodeCache: size=245760Kb used=13938Kb max_used=14620Kb free=231821Kb
 bounds [0x0000000002b40000, 0x00000000039a0000, 0x0000000011b40000]
 total_blobs=4645 nmethods=4085 adapters=472
 compilation: enabled

Compilation events (10 events):
Event: 23.127 Thread 0x0000000019994800 nmethod 4733 0x0000000002ececd0 code [0x0000000002eceea0, 0x0000000002ecf678]
Event: 23.127 Thread 0x0000000019994800 4734       3       org.apache.jasper.compiler.JspReader::isDelimiter (99 bytes)
Event: 23.128 Thread 0x0000000019994800 nmethod 4734 0x0000000002cac050 code [0x0000000002cac260, 0x0000000002caccc8]
Event: 23.128 Thread 0x0000000019994800 4735       1       org.apache.jasper.compiler.PageInfo::isELIgnored (5 bytes)
Event: 23.129 Thread 0x0000000019994800 nmethod 4735 0x0000000002fbed50 code [0x0000000002fbeea0, 0x0000000002fbefb0]
Event: 23.129 Thread 0x0000000019994800 4736       1       java.io.CharArrayWriter::size (5 bytes)
Event: 23.129 Thread 0x0000000019994800 nmethod 4736 0x0000000002f41690 code [0x0000000002f417e0, 0x0000000002f418f0]
Event: 23.133 Thread 0x0000000019982800 4737   !   4       java.net.URLClassLoader$1::run (63 bytes)
Event: 23.142 Thread 0x000000001998c800 4738       4       org.apache.jasper.compiler.JspReader::nextChar (83 bytes)
Event: 23.146 Thread 0x000000001998c800 nmethod 4738 0x0000000002f41390 code [0x0000000002f414c0, 0x0000000002f41598]

GC Heap History (10 events):
Event: 15.729 GC heap before
{Heap before GC invocations=8 (full 1):
 PSYoungGen      total 112128K, used 83317K [0x00000000d6100000, 0x00000000df180000, 0x0000000100000000)
  eden space 104448K, 72% used [0x00000000d6100000,0x00000000daaf8ac8,0x00000000dc700000)
  from space 7680K, 98% used [0x00000000dea00000,0x00000000df164bf8,0x00000000df180000)
  to   space 9216K, 0% used [0x00000000ddf80000,0x00000000ddf80000,0x00000000de880000)
 ParOldGen       total 54272K, used 5338K [0x0000000082200000, 0x0000000085700000, 0x00000000d6100000)
  object space 54272K, 9% used [0x0000000082200000,0x0000000082736b18,0x0000000085700000)
 Metaspace       used 33178K, capacity 35314K, committed 35416K, reserved 1081344K
  class space    used 4172K, capacity 4547K, committed 4608K, reserved 1048576K
Event: 15.745 GC heap after
Heap after GC invocations=8 (full 1):
 PSYoungGen      total 138752K, used 9207K [0x00000000d6100000, 0x00000000e1180000, 0x0000000100000000)
  eden space 129536K, 0% used [0x00000000d6100000,0x00000000d6100000,0x00000000ddf80000)
  from space 9216K, 99% used [0x00000000ddf80000,0x00000000de87ddb0,0x00000000de880000)
  to   space 10752K, 0% used [0x00000000e0700000,0x00000000e0700000,0x00000000e1180000)
 ParOldGen       total 54272K, used 6610K [0x0000000082200000, 0x0000000085700000, 0x00000000d6100000)
  object space 54272K, 12% used [0x0000000082200000,0x0000000082874a20,0x0000000085700000)
 Metaspace       used 33178K, capacity 35314K, committed 35416K, reserved 1081344K
  class space    used 4172K, capacity 4547K, committed 4608K, reserved 1048576K
}
Event: 15.745 GC heap before
{Heap before GC invocations=9 (full 2):
 PSYoungGen      total 138752K, used 9207K [0x00000000d6100000, 0x00000000e1180000, 0x0000000100000000)
  eden space 129536K, 0% used [0x00000000d6100000,0x00000000d6100000,0x00000000ddf80000)
  from space 9216K, 99% used [0x00000000ddf80000,0x00000000de87ddb0,0x00000000de880000)
  to   space 10752K, 0% used [0x00000000e0700000,0x00000000e0700000,0x00000000e1180000)
 ParOldGen       total 54272K, used 6610K [0x0000000082200000, 0x0000000085700000, 0x00000000d6100000)
  object space 54272K, 12% used [0x0000000082200000,0x0000000082874a20,0x0000000085700000)
 Metaspace       used 33178K, capacity 35314K, committed 35416K, reserved 1081344K
  class space    used 4172K, capacity 4547K, committed 4608K, reserved 1048576K
Event: 15.861 GC heap after
Heap after GC invocations=9 (full 2):
 PSYoungGen      total 138752K, used 0K [0x00000000d6100000, 0x00000000e1180000, 0x0000000100000000)
  eden space 129536K, 0% used [0x00000000d6100000,0x00000000d6100000,0x00000000ddf80000)
  from space 9216K, 0% used [0x00000000ddf80000,0x00000000ddf80000,0x00000000de880000)
  to   space 10752K, 0% used [0x00000000e0700000,0x00000000e0700000,0x00000000e1180000)
 ParOldGen       total 82432K, used 14109K [0x0000000082200000, 0x0000000087280000, 0x00000000d6100000)
  object space 82432K, 17% used [0x0000000082200000,0x0000000082fc7688,0x0000000087280000)
 Metaspace       used 33178K, capacity 35314K, committed 35416K, reserved 1081344K
  class space    used 4172K, capacity 4547K, committed 4608K, reserved 1048576K
}
Event: 20.568 GC heap before
{Heap before GC invocations=10 (full 2):
 PSYoungGen      total 138752K, used 129536K [0x00000000d6100000, 0x00000000e1180000, 0x0000000100000000)
  eden space 129536K, 100% used [0x00000000d6100000,0x00000000ddf80000,0x00000000ddf80000)
  from space 9216K, 0% used [0x00000000ddf80000,0x00000000ddf80000,0x00000000de880000)
  to   space 10752K, 0% used [0x00000000e0700000,0x00000000e0700000,0x00000000e1180000)
 ParOldGen       total 82432K, used 14109K [0x0000000082200000, 0x0000000087280000, 0x00000000d6100000)
  object space 82432K, 17% used [0x0000000082200000,0x0000000082fc7688,0x0000000087280000)
 Metaspace       used 49278K, capacity 51684K, committed 51968K, reserved 1093632K
  class space    used 6412K, capacity 6840K, committed 6912K, reserved 1048576K
Event: 20.601 GC heap after
Heap after GC invocations=10 (full 2):
 PSYoungGen      total 165376K, used 10744K [0x00000000d6100000, 0x00000000e4180000, 0x0000000100000000)
  eden space 154624K, 0% used [0x00000000d6100000,0x00000000d6100000,0x00000000df800000)
  from space 10752K, 99% used [0x00000000e0700000,0x00000000e117e2b0,0x00000000e1180000)
  to   space 15360K, 0% used [0x00000000df800000,0x00000000df800000,0x00000000e0700000)
 ParOldGen       total 82432K, used 22262K [0x0000000082200000, 0x0000000087280000, 0x00000000d6100000)
  object space 82432K, 27% used [0x0000000082200000,0x00000000837bdaa8,0x0000000087280000)
 Metaspace       used 49278K, capacity 51684K, committed 51968K, reserved 1093632K
  class space    used 6412K, capacity 6840K, committed 6912K, reserved 1048576K
}
Event: 22.187 GC heap before
{Heap before GC invocations=11 (full 2):
 PSYoungGen      total 165376K, used 69897K [0x00000000d6100000, 0x00000000e4180000, 0x0000000100000000)
  eden space 154624K, 38% used [0x00000000d6100000,0x00000000d9ac4410,0x00000000df800000)
  from space 10752K, 99% used [0x00000000e0700000,0x00000000e117e2b0,0x00000000e1180000)
  to   space 15360K, 0% used [0x00000000df800000,0x00000000df800000,0x00000000e0700000)
 ParOldGen       total 82432K, used 22262K [0x0000000082200000, 0x0000000087280000, 0x00000000d6100000)
  object space 82432K, 27% used [0x0000000082200000,0x00000000837bdaa8,0x0000000087280000)
 Metaspace       used 56311K, capacity 58818K, committed 59028K, reserved 1099776K
  class space    used 7411K, capacity 7871K, committed 7936K, reserved 1048576K
Event: 22.218 GC heap after
Heap after GC invocations=11 (full 2):
 PSYoungGen      total 169984K, used 14701K [0x00000000d6100000, 0x00000000e4c80000, 0x0000000100000000)
  eden space 154624K, 0% used [0x00000000d6100000,0x00000000d6100000,0x00000000df800000)
  from space 15360K, 95% used [0x00000000df800000,0x00000000e065b4c8,0x00000000e0700000)
  to   space 17408K, 0% used [0x00000000e3b80000,0x00000000e3b80000,0x00000000e4c80000)
 ParOldGen       total 82432K, used 22270K [0x0000000082200000, 0x0000000087280000, 0x00000000d6100000)
  object space 82432K, 27% used [0x0000000082200000,0x00000000837bfaa8,0x0000000087280000)
 Metaspace       used 56311K, capacity 58818K, committed 59028K, reserved 1099776K
  class space    used 7411K, capacity 7871K, committed 7936K, reserved 1048576K
}
Event: 22.218 GC heap before
{Heap before GC invocations=12 (full 3):
 PSYoungGen      total 169984K, used 14701K [0x00000000d6100000, 0x00000000e4c80000, 0x0000000100000000)
  eden space 154624K, 0% used [0x00000000d6100000,0x00000000d6100000,0x00000000df800000)
  from space 15360K, 95% used [0x00000000df800000,0x00000000e065b4c8,0x00000000e0700000)
  to   space 17408K, 0% used [0x00000000e3b80000,0x00000000e3b80000,0x00000000e4c80000)
 ParOldGen       total 82432K, used 22270K [0x0000000082200000, 0x0000000087280000, 0x00000000d6100000)
  object space 82432K, 27% used [0x0000000082200000,0x00000000837bfaa8,0x0000000087280000)
 Metaspace       used 56311K, capacity 58818K, committed 59028K, reserved 1099776K
  class space    used 7411K, capacity 7871K, committed 7936K, reserved 1048576K
Event: 22.483 GC heap after
Heap after GC invocations=12 (full 3):
 PSYoungGen      total 169984K, used 0K [0x00000000d6100000, 0x00000000e4c80000, 0x0000000100000000)
  eden space 154624K, 0% used [0x00000000d6100000,0x00000000d6100000,0x00000000df800000)
  from space 15360K, 0% used [0x00000000df800000,0x00000000df800000,0x00000000e0700000)
  to   space 17408K, 0% used [0x00000000e3b80000,0x00000000e3b80000,0x00000000e4c80000)
 ParOldGen       total 82432K, used 23329K [0x0000000082200000, 0x0000000087280000, 0x00000000d6100000)
  object space 82432K, 28% used [0x0000000082200000,0x00000000838c8530,0x0000000087280000)
 Metaspace       used 56292K, capacity 58782K, committed 59028K, reserved 1099776K
  class space    used 7408K, capacity 7865K, committed 7936K, reserved 1048576K
}

Deoptimization events (10 events):
Event: 21.900 Thread 0x0000000019993000 Uncommon trap: reason=unstable_if action=reinterpret pc=0x00000000036c7d54 method=java.lang.invoke.MethodType$ConcurrentWeakInternSet.add(Ljava/lang/Object;)Ljava/lang/Object; @ 47
Event: 21.901 Thread 0x000000001dc2b800 Uncommon trap: reason=unstable_if action=reinterpret pc=0x00000000036c7d54 method=java.lang.invoke.MethodType$ConcurrentWeakInternSet.add(Ljava/lang/Object;)Ljava/lang/Object; @ 47
Event: 22.075 Thread 0x0000000019993000 Uncommon trap: reason=bimorphic action=maybe_recompile pc=0x0000000002c52ab0 method=java.util.Hashtable.get(Ljava/lang/Object;)Ljava/lang/Object; @ 45
Event: 22.075 Thread 0x0000000019992800 Uncommon trap: reason=bimorphic action=maybe_recompile pc=0x0000000002c52ab0 method=java.util.Hashtable.get(Ljava/lang/Object;)Ljava/lang/Object; @ 45
Event: 22.075 Thread 0x000000001dc2b800 Uncommon trap: reason=bimorphic action=maybe_recompile pc=0x0000000002c52ab0 method=java.util.Hashtable.get(Ljava/lang/Object;)Ljava/lang/Object; @ 45
Event: 22.082 Thread 0x0000000019993000 Uncommon trap: reason=unstable_if action=reinterpret pc=0x0000000002c63a80 method=java.lang.CharacterData.of(I)Ljava/lang/CharacterData; @ 4
Event: 22.760 Thread 0x000000001dc2b800 Uncommon trap: reason=unstable_if action=reinterpret pc=0x000000000355fd04 method=java.util.concurrent.ConcurrentMap.computeIfAbsent(Ljava/lang/Object;Ljava/util/function/Function;)Ljava/lang/Object; @ 41
Event: 22.808 Thread 0x0000000019993000 Uncommon trap: reason=unstable_if action=reinterpret pc=0x0000000003651de4 method=java.net.URL.<init>(Ljava/net/URL;Ljava/lang/String;Ljava/net/URLStreamHandler;)V @ 30
Event: 23.073 Thread 0x0000000019993000 Uncommon trap: reason=unstable_if action=reinterpret pc=0x0000000002d743c8 method=java.util.Properties$LineReader.readLine()I @ 180
Event: 23.073 Thread 0x0000000019993000 Uncommon trap: reason=unstable_if action=reinterpret pc=0x000000000316e670 method=java.util.Properties$LineReader.readLine()I @ 180

Internal exceptions (10 events):
Event: 7.449 Thread 0x0000000002974800 Exception <a 'java/lang/IncompatibleClassChangeError': Found class java.lang.Object, but interface was expected> (0x00000000d99aaf60) thrown at [C:\re\workspace\8-2-build-windows-amd64-cygwin\jdk8u111\7883\hotspot\src\share\vm\interpreter\linkResolver.cpp
Event: 16.471 Thread 0x000000001dc2b800 Exception <a 'java/lang/ClassNotFoundException': com/sun/org/glassfish/hk2/osgiresourcelocator/ServiceLoader> (0x00000000d797b280) thrown at [C:\re\workspace\8-2-build-windows-amd64-cygwin\jdk8u111\7883\hotspot\src\share\vm\classfile\systemDictionary.cpp,
Event: 16.547 Thread 0x000000001dc2b800 Exception <a 'java/lang/NullPointerException'> (0x00000000d7dacec0) thrown at [C:\re\workspace\8-2-build-windows-amd64-cygwin\jdk8u111\7883\hotspot\src\share\vm\interpreter\linkResolver.cpp, line 1280]
Event: 16.861 Thread 0x000000001dc2b800 Implicit null exception at 0x0000000002da2699 to 0x0000000002da2a3d
Event: 17.348 Thread 0x000000001dc2b800 Implicit null exception at 0x0000000002d84c96 to 0x0000000002d8503d
Event: 17.841 Thread 0x000000001dc2b800 Exception <a 'java/lang/ClassNotFoundException': com/sun/org/glassfish/hk2/osgiresourcelocator/ServiceLoader> (0x00000000da372fa8) thrown at [C:\re\workspace\8-2-build-windows-amd64-cygwin\jdk8u111\7883\hotspot\src\share\vm\classfile\systemDictionary.cpp,
Event: 18.581 Thread 0x000000001dc2b800 Implicit null exception at 0x00000000032456a0 to 0x0000000003245711
Event: 18.581 Thread 0x000000001dc2b800 Implicit null exception at 0x00000000032690f0 to 0x0000000003269141
Event: 21.560 Thread 0x000000001dc2b800 Exception <a 'java/lang/NoSuchMethodError': java.lang.Object.lambda$static$0(Lorg/hibernate/loader/plan/spi/LoadPlan;Lorg/hibernate/loader/plan/exec/spi/AliasResolutionContext;Lorg/hibernate/loader/plan/exec/process/spi/ReaderCollector;ZZ)Lorg/hibernate/l
Event: 22.737 Thread 0x000000001dc2b800 Exception <a 'java/lang/NoSuchMethodError': java.lang.Object.lambda$static$0(Lorg/hibernate/type/EntityType;Ljava/lang/Object;Lorg/hibernate/engine/spi/SharedSessionContractImplementor;Ljava/lang/Object;Ljava/lang/Boolean;)Ljava/lang/Object;> (0x00000000d

Events (10 events):
Event: 23.198 loading class org/apache/el/lang/ELSupport
Event: 23.198 loading class org/apache/el/lang/ELSupport done
Event: 23.203 loading class javax/el/PropertyNotWritableException
Event: 23.203 loading class javax/el/PropertyNotWritableException done
Event: 23.204 loading class org/apache/el/lang/EvaluationContext
Event: 23.204 loading class org/apache/el/lang/EvaluationContext done
Event: 23.205 loading class javax/el/PropertyNotFoundException
Event: 23.205 loading class javax/el/PropertyNotFoundException done
Event: 23.206 loading class javax/el/ELManager
Event: 23.206 loading class javax/el/ELManager done


Dynamic libraries:
0x00007ff65e4d0000 - 0x00007ff65e507000 	C:\Program Files\Java\jdk1.8.0_111\bin\javaw.exe
0x00007fffaf790000 - 0x00007fffaf985000 	C:\WINDOWS\SYSTEM32\ntdll.dll
0x00007fffadf80000 - 0x00007fffae03e000 	C:\WINDOWS\System32\KERNEL32.DLL
0x00007fffad0f0000 - 0x00007fffad3b9000 	C:\WINDOWS\System32\KERNELBASE.dll
0x00007fffade70000 - 0x00007fffadf1c000 	C:\WINDOWS\System32\ADVAPI32.dll
0x00007fffae1f0000 - 0x00007fffae28e000 	C:\WINDOWS\System32\msvcrt.dll
0x00007fffadca0000 - 0x00007fffadd3b000 	C:\WINDOWS\System32\sechost.dll
0x00007fffadd40000 - 0x00007fffade6a000 	C:\WINDOWS\System32\RPCRT4.dll
0x00007fffae550000 - 0x00007fffae6f1000 	C:\WINDOWS\System32\USER32.dll
0x00007fffad7b0000 - 0x00007fffad7d2000 	C:\WINDOWS\System32\win32u.dll
0x00007fffae440000 - 0x00007fffae46b000 	C:\WINDOWS\System32\GDI32.dll
0x00007fffad520000 - 0x00007fffad62b000 	C:\WINDOWS\System32\gdi32full.dll
0x00007fffad630000 - 0x00007fffad6cd000 	C:\WINDOWS\System32\msvcp_win.dll
0x00007fffaceb0000 - 0x00007fffacfb0000 	C:\WINDOWS\System32\ucrtbase.dll
0x00007fffa1b00000 - 0x00007fffa1d9a000 	C:\WINDOWS\WinSxS\amd64_microsoft.windows.common-controls_6595b64144ccf1df_6.0.19041.1110_none_60b5254171f9507e\COMCTL32.dll
0x00007fffadc70000 - 0x00007fffadca0000 	C:\WINDOWS\System32\IMM32.DLL
0x000000006a050000 - 0x000000006a122000 	C:\Program Files\Java\jdk1.8.0_111\jre\bin\msvcr100.dll
0x00000000697b0000 - 0x000000006a04a000 	C:\Program Files\Java\jdk1.8.0_111\jre\bin\server\jvm.dll
0x00007fffaf740000 - 0x00007fffaf748000 	C:\WINDOWS\System32\PSAPI.DLL
0x00007fffa83a0000 - 0x00007fffa83a9000 	C:\WINDOWS\SYSTEM32\WSOCK32.dll
0x00007fffa5e30000 - 0x00007fffa5e3a000 	C:\WINDOWS\SYSTEM32\VERSION.dll
0x00007fffa2510000 - 0x00007fffa2537000 	C:\WINDOWS\SYSTEM32\WINMM.dll
0x00007fffae700000 - 0x00007fffae76b000 	C:\WINDOWS\System32\WS2_32.dll
0x00000000697a0000 - 0x00000000697af000 	C:\Program Files\Java\jdk1.8.0_111\jre\bin\verify.dll
0x0000000069770000 - 0x0000000069799000 	C:\Program Files\Java\jdk1.8.0_111\jre\bin\java.dll
0x0000000069750000 - 0x0000000069766000 	C:\Program Files\Java\jdk1.8.0_111\jre\bin\zip.dll
0x00007fffae7e0000 - 0x00007fffaef1f000 	C:\WINDOWS\System32\SHELL32.dll
0x00007fffaaf70000 - 0x00007fffab700000 	C:\WINDOWS\SYSTEM32\windows.storage.dll
0x00007fffad7e0000 - 0x00007fffadb35000 	C:\WINDOWS\System32\combase.dll
0x00007fffac900000 - 0x00007fffac92c000 	C:\WINDOWS\SYSTEM32\Wldp.dll
0x00007fffaf520000 - 0x00007fffaf5ce000 	C:\WINDOWS\System32\SHCORE.dll
0x00007fffadf20000 - 0x00007fffadf75000 	C:\WINDOWS\System32\shlwapi.dll
0x00007fffacdf0000 - 0x00007ffface0f000 	C:\WINDOWS\SYSTEM32\profapi.dll
0x0000000069740000 - 0x000000006974d000 	C:\Program Files\Java\jdk1.8.0_111\jre\bin\management.dll
0x0000000069720000 - 0x000000006973a000 	C:\Program Files\Java\jdk1.8.0_111\jre\bin\net.dll
0x00007fffac660000 - 0x00007fffac6ca000 	C:\WINDOWS\system32\mswsock.dll
0x00007fff93640000 - 0x00007fff93657000 	C:\WINDOWS\system32\napinsp.dll
0x00007fff935e0000 - 0x00007fff935fb000 	C:\WINDOWS\system32\pnrpnsp.dll
0x00007fffa2ce0000 - 0x00007fffa2cf5000 	C:\WINDOWS\system32\wshbth.dll
0x00007fffa8c70000 - 0x00007fffa8c8d000 	C:\WINDOWS\system32\NLAapi.dll
0x00007fffac2e0000 - 0x00007fffac31b000 	C:\WINDOWS\SYSTEM32\IPHLPAPI.DLL
0x00007fffac320000 - 0x00007fffac3ec000 	C:\WINDOWS\SYSTEM32\DNSAPI.dll
0x00007fffae7d0000 - 0x00007fffae7d8000 	C:\WINDOWS\System32\NSI.dll
0x00007fff935c0000 - 0x00007fff935d2000 	C:\WINDOWS\System32\winrnr.dll
0x00007fffa1270000 - 0x00007fffa127a000 	C:\Windows\System32\rasadhlp.dll
0x00007fffa0b00000 - 0x00007fffa0b7f000 	C:\WINDOWS\System32\fwpuclnt.dll
0x00007fffad0c0000 - 0x00007fffad0e7000 	C:\WINDOWS\System32\bcrypt.dll
0x0000000069700000 - 0x0000000069711000 	C:\Program Files\Java\jdk1.8.0_111\jre\bin\nio.dll
0x00007fffac850000 - 0x00007fffac868000 	C:\WINDOWS\SYSTEM32\CRYPTSP.dll
0x00007fffabf40000 - 0x00007fffabf74000 	C:\WINDOWS\system32\rsaenh.dll
0x00007fffacdb0000 - 0x00007fffacdde000 	C:\WINDOWS\SYSTEM32\USERENV.dll
0x00007fffad6d0000 - 0x00007fffad753000 	C:\WINDOWS\System32\bcryptprimitives.dll
0x00007fffac870000 - 0x00007fffac87c000 	C:\WINDOWS\SYSTEM32\CRYPTBASE.dll
0x00007fffa5640000 - 0x00007fffa5657000 	C:\WINDOWS\SYSTEM32\dhcpcsvc6.DLL
0x00007fffa5620000 - 0x00007fffa563d000 	C:\WINDOWS\SYSTEM32\dhcpcsvc.DLL
0x00000000696d0000 - 0x00000000696f4000 	C:\Program Files\Java\jdk1.8.0_111\jre\bin\sunec.dll
0x00000000696c0000 - 0x00000000696cb000 	C:\Program Files\Java\jdk1.8.0_111\jre\bin\sunmscapi.dll
0x00007fffad3c0000 - 0x00007fffad516000 	C:\WINDOWS\System32\CRYPT32.dll

VM Arguments:
jvm_args: -Dfile.encoding=UTF-8 
java_command: LeanMa.Hospital.LeanMaHospital.LeanMaHospitalApplication
java_class_path (initial): D:\Perkuliahan\Semester5\JAVA EE\week 7\LeanMaHospital\target\classes;C:\Users\user\.m2\repository\org\springframework\boot\spring-boot-starter-web\2.5.5\spring-boot-starter-web-2.5.5.jar;C:\Users\user\.m2\repository\org\springframework\boot\spring-boot-starter\2.5.5\spring-boot-starter-2.5.5.jar;C:\Users\user\.m2\repository\org\springframework\boot\spring-boot\2.5.5\spring-boot-2.5.5.jar;C:\Users\user\.m2\repository\org\springframework\boot\spring-boot-autoconfigure\2.5.5\spring-boot-autoconfigure-2.5.5.jar;C:\Users\user\.m2\repository\org\springframework\boot\spring-boot-starter-logging\2.5.5\spring-boot-starter-logging-2.5.5.jar;C:\Users\user\.m2\repository\ch\qos\logback\logback-classic\1.2.6\logback-classic-1.2.6.jar;C:\Users\user\.m2\repository\ch\qos\logback\logback-core\1.2.6\logback-core-1.2.6.jar;C:\Users\user\.m2\repository\org\apache\logging\log4j\log4j-to-slf4j\2.14.1\log4j-to-slf4j-2.14.1.jar;C:\Users\user\.m2\repository\org\apache\logging\log4j\log4j-api\2.14.1\log4j-api-2.14.1.jar;C:\Users\user\.m2\repository\org\slf4j\jul-to-slf4j\1.7.32\jul-to-slf4j-1.7.32.jar;C:\Users\user\.m2\repository\jakarta\annotation\jakarta.annotation-api\1.3.5\jakarta.annotation-api-1.3.5.jar;C:\Users\user\.m2\repository\org\yaml\snakeyaml\1.28\snakeyaml-1.28.jar;C:\Users\user\.m2\repository\org\springframework\boot\spring-boot-starter-json\2.5.5\spring-boot-starter-json-2.5.5.jar;C:\Users\user\.m2\repository\com\fasterxml\jackson\core\jackson-databind\2.12.5\jackson-databind-2.12.5.jar;C:\Users\user\.m2\repository\com\fasterxml\jackson\core\jackson-annotations\2.12.5\jackson-annotations-2.12.5.jar;C:\Users\user\.m2\repository\com\fasterxml\jackson\core\jackson-core\2.12.5\jackson-core-2.12.5.jar;C:\Users\user\.m2\repository\com\fasterxml\jackson\datatype\jackson-datatype-jdk8\2.12.5\jackson-datatype-jdk8-2.12.5.jar;C:\Users\user\.m2\repository\com\fasterxml\jackson\datatype\jackson-datatype-jsr310\2.12.5\jackson-datatype-jsr310-2.12.5.jar;C:\U
Launcher Type: SUN_STANDARD

Environment Variables:
USERNAME=user
OS=Windows_NT
PROCESSOR_IDENTIFIER=Intel64 Family 6 Model 142 Stepping 11, GenuineIntel



---------------  S Y S T E M  ---------------

OS: Windows 10.0 , 64 bit Build 19041 (10.0.19041.1202)

CPU:total 8 (4 cores per cpu, 2 threads per core) family 6 model 142 stepping 11, cmov, cx8, fxsr, mmx, sse, sse2, sse3, ssse3, sse4.1, sse4.2, popcnt, avx, avx2, aes, clmul, erms, 3dnowpref, lzcnt, ht, tsc, tscinvbit, bmi1, bmi2, adx

Memory: 4k page, physical 8241396k(514572k free), swap 13361396k(552k free)

vm_info: Java HotSpot(TM) 64-Bit Server VM (25.111-b14) for windows-amd64 JRE (1.8.0_111-b14), built on Sep 22 2016 19:24:05 by "java_re" with MS VC++ 10.0 (VS2010)

time: Sun Oct 10 18:21:41 2021
elapsed time: 23 seconds (0d 0h 0m 23s)

