#
# There is insufficient memory for the Java Runtime Environment to continue.
# Native memory allocation (malloc) failed to allocate 32744 bytes for ChunkPool::allocate
# Possible reasons:
#   The system is out of physical RAM or swap space
#   In 32 bit mode, the process size limit was hit
# Possible solutions:
#   Reduce memory load on the system
#   Increase physical memory or swap space
#   Check if swap backing store is full
#   Use 64 bit Java on a 64 bit OS
#   Decrease Java heap size (-Xmx/-Xms)
#   Decrease number of Java threads
#   Decrease Java thread stack sizes (-Xss)
#   Set larger code cache with -XX:ReservedCodeCacheSize=
# This output file may be truncated or incomplete.
#
#  Out of Memory Error (allocation.cpp:273), pid=2932, tid=0x00000000000023a0
#
# JRE version: Java(TM) SE Runtime Environment (8.0_111-b14) (build 1.8.0_111-b14)
# Java VM: Java HotSpot(TM) 64-Bit Server VM (25.111-b14 mixed mode windows-amd64 compressed oops)
# Failed to write core dump. Minidumps are not enabled by default on client versions of Windows
#

---------------  T H R E A D  ---------------

Current thread (0x000000001934a800):  JavaThread "C2 CompilerThread2" daemon [_thread_in_native, id=9120, stack(0x0000000019d00000,0x0000000019e00000)]

Stack: [0x0000000019d00000,0x0000000019e00000]
[error occurred during error reporting (printing stack bounds), id 0xc0000005]

Native frames: (J=compiled Java code, j=interpreted, Vv=VM code, C=native code)


Current CompileTask:
C2:  15851 4341       4       sun.misc.URLClassPath$JarLoader$2::getCodeSigners (8 bytes)


---------------  P R O C E S S  ---------------

Java Threads: ( => current thread )
  0x000000001b2eb800 JavaThread "Hibernate Connection Pool Validation Thread" daemon [_thread_blocked, id=16584, stack(0x0000000022b00000,0x0000000022c00000)]
  0x000000001b2eb000 JavaThread "http-nio-8080-exec-2" daemon [_thread_blocked, id=18416, stack(0x0000000022700000,0x0000000022800000)]
  0x000000001b2e9800 JavaThread "mysql-cj-abandoned-connection-cleanup" daemon [_thread_blocked, id=11796, stack(0x0000000021160000,0x0000000021260000)]
  0x000000001e6c6800 JavaThread "http-nio-8080-exec-1" daemon [_thread_in_vm, id=11940, stack(0x00000000205c0000,0x00000000206c0000)]
  0x0000000002414800 JavaThread "DestroyJavaVM" [_thread_blocked, id=10932, stack(0x0000000002310000,0x0000000002410000)]
  0x000000001fb66800 JavaThread "http-nio-8080-Acceptor" daemon [_thread_in_native, id=15800, stack(0x0000000020a60000,0x0000000020b60000)]
  0x000000001fb4e800 JavaThread "http-nio-8080-Poller" daemon [_thread_in_native, id=4428, stack(0x0000000020960000,0x0000000020a60000)]
  0x000000001b885800 JavaThread "container-0" [_thread_blocked, id=11480, stack(0x000000001e120000,0x000000001e220000)]
  0x000000001969d800 JavaThread "Catalina-utility-2" [_thread_blocked, id=16792, stack(0x000000001e020000,0x000000001e120000)]
  0x000000001b812800 JavaThread "Catalina-utility-1" [_thread_blocked, id=11492, stack(0x000000001c150000,0x000000001c250000)]
  0x00000000193cb800 JavaThread "Service Thread" daemon [_thread_blocked, id=7004, stack(0x0000000019f00000,0x000000001a000000)]
  0x000000001934e800 JavaThread "C1 CompilerThread3" daemon [_thread_blocked, id=13692, stack(0x0000000019e00000,0x0000000019f00000)]
=>0x000000001934a800 JavaThread "C2 CompilerThread2" daemon [_thread_in_native, id=9120, stack(0x0000000019d00000,0x0000000019e00000)]
  0x0000000019334800 JavaThread "C2 CompilerThread1" daemon [_thread_blocked, id=7588, stack(0x0000000019c00000,0x0000000019d00000)]
  0x0000000019331800 JavaThread "C2 CompilerThread0" daemon [_thread_blocked, id=17200, stack(0x0000000019b00000,0x0000000019c00000)]
  0x0000000019330800 JavaThread "Attach Listener" daemon [_thread_blocked, id=18176, stack(0x0000000019a00000,0x0000000019b00000)]
  0x000000001932f800 JavaThread "Signal Dispatcher" daemon [_thread_blocked, id=2436, stack(0x0000000019900000,0x0000000019a00000)]
  0x000000000250d800 JavaThread "Finalizer" daemon [_thread_blocked, id=15280, stack(0x0000000019700000,0x0000000019800000)]
  0x000000000250a000 JavaThread "Reference Handler" daemon [_thread_blocked, id=7788, stack(0x0000000019200000,0x0000000019300000)]

Other Threads:
  0x0000000017429800 VMThread [stack: 0x0000000019100000,0x0000000019200000] [id=10356]
  0x00000000193f7000 WatcherThread [stack: 0x000000001a000000,0x000000001a100000] [id=8880]

VM state:not at safepoint (normal execution)

VM Mutex/Monitor currently owned by a thread: None

Heap:
 PSYoungGen      total 171008K, used 23050K [0x00000000d6100000, 0x00000000e3b80000, 0x0000000100000000)
  eden space 160256K, 7% used [0x00000000d6100000,0x00000000d6d0a440,0x00000000dfd80000)
  from space 10752K, 99% used [0x00000000e0c80000,0x00000000e16f84d0,0x00000000e1700000)
  to   space 15360K, 0% used [0x00000000dfd80000,0x00000000dfd80000,0x00000000e0c80000)
 ParOldGen       total 81920K, used 22034K [0x0000000082200000, 0x0000000087200000, 0x00000000d6100000)
  object space 81920K, 26% used [0x0000000082200000,0x0000000083784b98,0x0000000087200000)
 Metaspace       used 50330K, capacity 52744K, committed 53120K, reserved 1095680K
  class space    used 6557K, capacity 6976K, committed 7040K, reserved 1048576K

Card table byte_map: [0x00000000118d0000,0x0000000011cc0000] byte_map_base: 0x00000000114bf000

Marking Bits: (ParMarkBitMap*) 0x0000000069fca6c0
 Begin Bits: [0x0000000012760000, 0x00000000146d8000)
 End Bits:   [0x00000000146d8000, 0x0000000016650000)

Polling page: 0x0000000002200000

CodeCache: size=245760Kb used=14059Kb max_used=14063Kb free=231700Kb
 bounds [0x0000000002510000, 0x00000000032e0000, 0x0000000011510000]
 total_blobs=4409 nmethods=3891 adapters=430
 compilation: enabled

Compilation events (10 events):
Event: 15.620 Thread 0x000000001934e800 4338       1       org.hibernate.annotations.common.reflection.java.JavaXClass::getTypeEnvironment (5 bytes)
Event: 15.620 Thread 0x000000001934e800 nmethod 4338 0x00000000032c43d0 code [0x00000000032c4520, 0x00000000032c4630]
Event: 15.632 Thread 0x0000000019334800 4339       4       sun.misc.URLClassPath$JarLoader$2::getInputStream (15 bytes)
Event: 15.632 Thread 0x0000000019331800 4340   !   4       java.util.jar.JarFile$JarFileEntry::getCodeSigners (78 bytes)
Event: 15.632 Thread 0x000000001934a800 4341       4       sun.misc.URLClassPath$JarLoader$2::getCodeSigners (8 bytes)
Event: 15.633 Thread 0x0000000019334800 nmethod 4339 0x00000000032c40d0 code [0x00000000032c4220, 0x00000000032c42c8]
Event: 15.645 Thread 0x000000001934e800 4342       3       java.lang.reflect.Field::setFieldAccessor (34 bytes)
Event: 15.645 Thread 0x000000001934e800 nmethod 4342 0x00000000032c8d10 code [0x00000000032c8e80, 0x00000000032c9208]
Event: 15.709 Thread 0x000000001934e800 4343       1       org.hibernate.event.spi.EventType::ordinal (5 bytes)
Event: 15.710 Thread 0x000000001934e800 nmethod 4343 0x00000000032c8810 code [0x00000000032c8960, 0x00000000032c8a70]

GC Heap History (10 events):
Event: 3.024 GC heap before
{Heap before GC invocations=6 (full 1):
 PSYoungGen      total 70656K, used 5088K [0x00000000d6100000, 0x00000000df200000, 0x0000000100000000)
  eden space 65536K, 0% used [0x00000000d6100000,0x00000000d6100000,0x00000000da100000)
  from space 5120K, 99% used [0x00000000da100000,0x00000000da5f8190,0x00000000da600000)
  to   space 8704K, 0% used [0x00000000de980000,0x00000000de980000,0x00000000df200000)
 ParOldGen       total 86016K, used 7079K [0x0000000082200000, 0x0000000087600000, 0x00000000d6100000)
  object space 86016K, 8% used [0x0000000082200000,0x00000000828e9c80,0x0000000087600000)
 Metaspace       used 20203K, capacity 21168K, committed 21248K, reserved 1067008K
  class space    used 2540K, capacity 2768K, committed 2816K, reserved 1048576K
Event: 3.071 GC heap after
Heap after GC invocations=6 (full 1):
 PSYoungGen      total 70656K, used 0K [0x00000000d6100000, 0x00000000df200000, 0x0000000100000000)
  eden space 65536K, 0% used [0x00000000d6100000,0x00000000d6100000,0x00000000da100000)
  from space 5120K, 0% used [0x00000000da100000,0x00000000da100000,0x00000000da600000)
  to   space 8704K, 0% used [0x00000000de980000,0x00000000de980000,0x00000000df200000)
 ParOldGen       total 53248K, used 5405K [0x0000000082200000, 0x0000000085600000, 0x00000000d6100000)
  object space 53248K, 10% used [0x0000000082200000,0x0000000082747438,0x0000000085600000)
 Metaspace       used 20203K, capacity 21168K, committed 21248K, reserved 1067008K
  class space    used 2540K, capacity 2768K, committed 2816K, reserved 1048576K
}
Event: 5.238 GC heap before
{Heap before GC invocations=7 (full 1):
 PSYoungGen      total 70656K, used 65531K [0x00000000d6100000, 0x00000000df200000, 0x0000000100000000)
  eden space 65536K, 99% used [0x00000000d6100000,0x00000000da0feca0,0x00000000da100000)
  from space 5120K, 0% used [0x00000000da100000,0x00000000da100000,0x00000000da600000)
  to   space 8704K, 0% used [0x00000000de980000,0x00000000de980000,0x00000000df200000)
 ParOldGen       total 53248K, used 5405K [0x0000000082200000, 0x0000000085600000, 0x00000000d6100000)
  object space 53248K, 10% used [0x0000000082200000,0x0000000082747438,0x0000000085600000)
 Metaspace       used 26145K, capacity 27792K, committed 28032K, reserved 1073152K
  class space    used 3323K, capacity 3658K, committed 3712K, reserved 1048576K
Event: 5.251 GC heap after
Heap after GC invocations=7 (full 1):
 PSYoungGen      total 113664K, used 7558K [0x00000000d6100000, 0x00000000df100000, 0x0000000100000000)
  eden space 105984K, 0% used [0x00000000d6100000,0x00000000d6100000,0x00000000dc880000)
  from space 7680K, 98% used [0x00000000de980000,0x00000000df0e1a58,0x00000000df100000)
  to   space 9216K, 0% used [0x00000000ddf00000,0x00000000ddf00000,0x00000000de800000)
 ParOldGen       total 53248K, used 5413K [0x0000000082200000, 0x0000000085600000, 0x00000000d6100000)
  object space 53248K, 10% used [0x0000000082200000,0x0000000082749438,0x0000000085600000)
 Metaspace       used 26145K, capacity 27792K, committed 28032K, reserved 1073152K
  class space    used 3323K, capacity 3658K, committed 3712K, reserved 1048576K
}
Event: 10.261 GC heap before
{Heap before GC invocations=8 (full 1):
 PSYoungGen      total 113664K, used 80764K [0x00000000d6100000, 0x00000000df100000, 0x0000000100000000)
  eden space 105984K, 69% used [0x00000000d6100000,0x00000000da87d758,0x00000000dc880000)
  from space 7680K, 98% used [0x00000000de980000,0x00000000df0e1a58,0x00000000df100000)
  to   space 9216K, 0% used [0x00000000ddf00000,0x00000000ddf00000,0x00000000de800000)
 ParOldGen       total 53248K, used 5413K [0x0000000082200000, 0x0000000085600000, 0x00000000d6100000)
  object space 53248K, 10% used [0x0000000082200000,0x0000000082749438,0x0000000085600000)
 Metaspace       used 33182K, capacity 35310K, committed 35416K, reserved 1081344K
  class space    used 4175K, capacity 4547K, committed 4608K, reserved 1048576K
Event: 10.279 GC heap after
Heap after GC invocations=8 (full 1):
 PSYoungGen      total 138240K, used 9200K [0x00000000d6100000, 0x00000000e1700000, 0x0000000100000000)
  eden space 129024K, 0% used [0x00000000d6100000,0x00000000d6100000,0x00000000ddf00000)
  from space 9216K, 99% used [0x00000000ddf00000,0x00000000de7fc0f0,0x00000000de800000)
  to   space 10752K, 0% used [0x00000000e0c80000,0x00000000e0c80000,0x00000000e1700000)
 ParOldGen       total 53248K, used 6623K [0x0000000082200000, 0x0000000085600000, 0x00000000d6100000)
  object space 53248K, 12% used [0x0000000082200000,0x0000000082877e50,0x0000000085600000)
 Metaspace       used 33182K, capacity 35310K, committed 35416K, reserved 1081344K
  class space    used 4175K, capacity 4547K, committed 4608K, reserved 1048576K
}
Event: 10.279 GC heap before
{Heap before GC invocations=9 (full 2):
 PSYoungGen      total 138240K, used 9200K [0x00000000d6100000, 0x00000000e1700000, 0x0000000100000000)
  eden space 129024K, 0% used [0x00000000d6100000,0x00000000d6100000,0x00000000ddf00000)
  from space 9216K, 99% used [0x00000000ddf00000,0x00000000de7fc0f0,0x00000000de800000)
  to   space 10752K, 0% used [0x00000000e0c80000,0x00000000e0c80000,0x00000000e1700000)
 ParOldGen       total 53248K, used 6623K [0x0000000082200000, 0x0000000085600000, 0x00000000d6100000)
  object space 53248K, 12% used [0x0000000082200000,0x0000000082877e50,0x0000000085600000)
 Metaspace       used 33182K, capacity 35310K, committed 35416K, reserved 1081344K
  class space    used 4175K, capacity 4547K, committed 4608K, reserved 1048576K
Event: 10.400 GC heap after
Heap after GC invocations=9 (full 2):
 PSYoungGen      total 138240K, used 0K [0x00000000d6100000, 0x00000000e1700000, 0x0000000100000000)
  eden space 129024K, 0% used [0x00000000d6100000,0x00000000d6100000,0x00000000ddf00000)
  from space 9216K, 0% used [0x00000000ddf00000,0x00000000ddf00000,0x00000000de800000)
  to   space 10752K, 0% used [0x00000000e0c80000,0x00000000e0c80000,0x00000000e1700000)
 ParOldGen       total 81920K, used 14112K [0x0000000082200000, 0x0000000087200000, 0x00000000d6100000)
  object space 81920K, 17% used [0x0000000082200000,0x0000000082fc8220,0x0000000087200000)
 Metaspace       used 33182K, capacity 35310K, committed 35416K, reserved 1081344K
  class space    used 4175K, capacity 4547K, committed 4608K, reserved 1048576K
}
Event: 15.519 GC heap before
{Heap before GC invocations=10 (full 2):
 PSYoungGen      total 138240K, used 129024K [0x00000000d6100000, 0x00000000e1700000, 0x0000000100000000)
  eden space 129024K, 100% used [0x00000000d6100000,0x00000000ddf00000,0x00000000ddf00000)
  from space 9216K, 0% used [0x00000000ddf00000,0x00000000ddf00000,0x00000000de800000)
  to   space 10752K, 0% used [0x00000000e0c80000,0x00000000e0c80000,0x00000000e1700000)
 ParOldGen       total 81920K, used 14112K [0x0000000082200000, 0x0000000087200000, 0x00000000d6100000)
  object space 81920K, 17% used [0x0000000082200000,0x0000000082fc8220,0x0000000087200000)
 Metaspace       used 49125K, capacity 51548K, committed 51968K, reserved 1093632K
  class space    used 6392K, capacity 6838K, committed 6912K, reserved 1048576K
Event: 15.551 GC heap after
Heap after GC invocations=10 (full 2):
 PSYoungGen      total 171008K, used 10721K [0x00000000d6100000, 0x00000000e3b80000, 0x0000000100000000)
  eden space 160256K, 0% used [0x00000000d6100000,0x00000000d6100000,0x00000000dfd80000)
  from space 10752K, 99% used [0x00000000e0c80000,0x00000000e16f84d0,0x00000000e1700000)
  to   space 15360K, 0% used [0x00000000dfd80000,0x00000000dfd80000,0x00000000e0c80000)
 ParOldGen       total 81920K, used 22034K [0x0000000082200000, 0x0000000087200000, 0x00000000d6100000)
  object space 81920K, 26% used [0x0000000082200000,0x0000000083784b98,0x0000000087200000)
 Metaspace       used 49125K, capacity 51548K, committed 51968K, reserved 1093632K
  class space    used 6392K, capacity 6838K, committed 6912K, reserved 1048576K
}

Deoptimization events (10 events):
Event: 13.341 Thread 0x000000001e6c6800 Uncommon trap: reason=unstable_if action=reinterpret pc=0x0000000002cc2408 method=java.util.Properties.load0(Ljava/util/Properties$LineReader;)V @ 161
Event: 13.596 Thread 0x000000001e6c6800 Uncommon trap: reason=unstable_if action=reinterpret pc=0x0000000002cdf3d4 method=sun.misc.ASCIICaseInsensitiveComparator.compare(Ljava/lang/String;Ljava/lang/String;)I @ 83
Event: 13.654 Thread 0x000000001e6c6800 Uncommon trap: reason=unstable_if action=reinterpret pc=0x00000000027af5cc method=java.util.Properties$LineReader.readLine()I @ 174
Event: 13.710 Thread 0x000000001e6c6800 Uncommon trap: reason=unstable_if action=reinterpret pc=0x00000000027bd53c method=java.lang.CharacterDataLatin1.isWhitespace(I)Z @ 14
Event: 13.739 Thread 0x000000001e6c6800 Uncommon trap: reason=unstable_if action=reinterpret pc=0x0000000002cdc46c method=java.security.CodeSource.getCertificates()[Ljava/security/cert/Certificate; @ 22
Event: 13.739 Thread 0x000000001e6c6800 Uncommon trap: reason=class_check action=maybe_recompile pc=0x0000000002800a3c method=java.lang.ClassLoader.loadClass(Ljava/lang/String;)Ljava/lang/Class; @ 3
Event: 13.740 Thread 0x000000001e6c6800 Uncommon trap: reason=class_check action=maybe_recompile pc=0x0000000002800a3c method=java.lang.ClassLoader.loadClass(Ljava/lang/String;)Ljava/lang/Class; @ 3
Event: 13.740 Thread 0x000000001e6c6800 Uncommon trap: reason=class_check action=maybe_recompile pc=0x0000000002800a3c method=java.lang.ClassLoader.loadClass(Ljava/lang/String;)Ljava/lang/Class; @ 3
Event: 13.870 Thread 0x000000001e6c6800 Uncommon trap: reason=unstable_if action=reinterpret pc=0x0000000002ce07d4 method=java.util.jar.JarFile.maybeInstantiateVerifier()V @ 75
Event: 14.783 Thread 0x000000001e6c6800 Uncommon trap: reason=class_check action=maybe_recompile pc=0x0000000002a77194 method=java.util.Properties$LineReader.readLine()I @ 410

Internal exceptions (10 events):
Event: 6.103 Thread 0x0000000002414800 Implicit null exception at 0x0000000002ccee4c to 0x0000000002ccefc1
Event: 6.485 Thread 0x0000000002414800 Exception <a 'java/lang/NoSuchMethodError': java.lang.Object.lambda$thenComparing$36697e65$1(Ljava/util/Comparator;Ljava/lang/Object;Ljava/lang/Object;)I> (0x00000000d96e7af8) thrown at [C:\re\workspace\8-2-build-windows-amd64-cygwin\jdk8u111\7883\hotspot
Event: 6.563 Thread 0x0000000002414800 Exception <a 'java/lang/IncompatibleClassChangeError': Found class java.lang.Object, but interface was expected> (0x00000000d98be4f0) thrown at [C:\re\workspace\8-2-build-windows-amd64-cygwin\jdk8u111\7883\hotspot\src\share\vm\interpreter\linkResolver.cpp
Event: 11.283 Thread 0x000000001e6c6800 Exception <a 'java/lang/ClassNotFoundException': com/sun/org/glassfish/hk2/osgiresourcelocator/ServiceLoader> (0x00000000d79e3ff8) thrown at [C:\re\workspace\8-2-build-windows-amd64-cygwin\jdk8u111\7883\hotspot\src\share\vm\classfile\systemDictionary.cpp,
Event: 11.361 Thread 0x000000001e6c6800 Exception <a 'java/lang/NullPointerException'> (0x00000000d7daa888) thrown at [C:\re\workspace\8-2-build-windows-amd64-cygwin\jdk8u111\7883\hotspot\src\share\vm\interpreter\linkResolver.cpp, line 1280]
Event: 11.732 Thread 0x000000001e6c6800 Implicit null exception at 0x00000000027742d6 to 0x0000000002774679
Event: 12.417 Thread 0x000000001e6c6800 Implicit null exception at 0x0000000002753cd7 to 0x00000000027540e1
Event: 12.724 Thread 0x000000001e6c6800 Exception <a 'java/lang/ClassNotFoundException': com/sun/org/glassfish/hk2/osgiresourcelocator/ServiceLoader> (0x00000000da4723b0) thrown at [C:\re\workspace\8-2-build-windows-amd64-cygwin\jdk8u111\7883\hotspot\src\share\vm\classfile\systemDictionary.cpp,
Event: 13.287 Thread 0x000000001e6c6800 Implicit null exception at 0x0000000002c1a760 to 0x0000000002c1a7d1
Event: 13.287 Thread 0x000000001e6c6800 Implicit null exception at 0x0000000002c18f30 to 0x0000000002c18f81

Events (10 events):
Event: 15.712 loading class org/hibernate/event/internal/PostInsertEventListenerStandardImpl
Event: 15.712 loading class org/hibernate/event/internal/PostInsertEventListenerStandardImpl done
Event: 15.713 loading class org/hibernate/event/internal/DefaultPostLoadEventListener
Event: 15.713 loading class org/hibernate/event/internal/DefaultPostLoadEventListener done
Event: 15.714 loading class org/hibernate/action/spi/BeforeTransactionCompletionProcess
Event: 15.714 loading class org/hibernate/action/spi/BeforeTransactionCompletionProcess done
Event: 15.715 loading class org/hibernate/event/internal/PostUpdateEventListenerStandardImpl
Event: 15.715 loading class org/hibernate/event/internal/PostUpdateEventListenerStandardImpl done
Event: 15.716 loading class org/hibernate/event/internal/DefaultUpdateEventListener
Event: 15.716 loading class org/hibernate/event/internal/DefaultUpdateEventListener done


Dynamic libraries:
0x00007ff65e4d0000 - 0x00007ff65e507000 	C:\Program Files\Java\jdk1.8.0_111\bin\javaw.exe
0x00007fffaf790000 - 0x00007fffaf985000 	C:\WINDOWS\SYSTEM32\ntdll.dll
0x00007fffadf80000 - 0x00007fffae03e000 	C:\WINDOWS\System32\KERNEL32.DLL
0x00007fffad0f0000 - 0x00007fffad3b9000 	C:\WINDOWS\System32\KERNELBASE.dll
0x00007fffade70000 - 0x00007fffadf1c000 	C:\WINDOWS\System32\ADVAPI32.dll
0x00007fffae1f0000 - 0x00007fffae28e000 	C:\WINDOWS\System32\msvcrt.dll
0x00007fffadca0000 - 0x00007fffadd3b000 	C:\WINDOWS\System32\sechost.dll
0x00007fffadd40000 - 0x00007fffade6a000 	C:\WINDOWS\System32\RPCRT4.dll
0x00007fffae550000 - 0x00007fffae6f1000 	C:\WINDOWS\System32\USER32.dll
0x00007fffad7b0000 - 0x00007fffad7d2000 	C:\WINDOWS\System32\win32u.dll
0x00007fffae440000 - 0x00007fffae46b000 	C:\WINDOWS\System32\GDI32.dll
0x00007fffad520000 - 0x00007fffad62b000 	C:\WINDOWS\System32\gdi32full.dll
0x00007fffad630000 - 0x00007fffad6cd000 	C:\WINDOWS\System32\msvcp_win.dll
0x00007fffaceb0000 - 0x00007fffacfb0000 	C:\WINDOWS\System32\ucrtbase.dll
0x00007fffa1b00000 - 0x00007fffa1d9a000 	C:\WINDOWS\WinSxS\amd64_microsoft.windows.common-controls_6595b64144ccf1df_6.0.19041.1110_none_60b5254171f9507e\COMCTL32.dll
0x00007fffadc70000 - 0x00007fffadca0000 	C:\WINDOWS\System32\IMM32.DLL
0x000000006a050000 - 0x000000006a122000 	C:\Program Files\Java\jdk1.8.0_111\jre\bin\msvcr100.dll
0x00000000697b0000 - 0x000000006a04a000 	C:\Program Files\Java\jdk1.8.0_111\jre\bin\server\jvm.dll
0x00007fffaf740000 - 0x00007fffaf748000 	C:\WINDOWS\System32\PSAPI.DLL
0x00007fffa83a0000 - 0x00007fffa83a9000 	C:\WINDOWS\SYSTEM32\WSOCK32.dll
0x00007fffa2510000 - 0x00007fffa2537000 	C:\WINDOWS\SYSTEM32\WINMM.dll
0x00007fffa5e30000 - 0x00007fffa5e3a000 	C:\WINDOWS\SYSTEM32\VERSION.dll
0x00007fffae700000 - 0x00007fffae76b000 	C:\WINDOWS\System32\WS2_32.dll
0x00000000697a0000 - 0x00000000697af000 	C:\Program Files\Java\jdk1.8.0_111\jre\bin\verify.dll
0x0000000069770000 - 0x0000000069799000 	C:\Program Files\Java\jdk1.8.0_111\jre\bin\java.dll
0x0000000069750000 - 0x0000000069766000 	C:\Program Files\Java\jdk1.8.0_111\jre\bin\zip.dll
0x00007fffae7e0000 - 0x00007fffaef1f000 	C:\WINDOWS\System32\SHELL32.dll
0x00007fffaaf70000 - 0x00007fffab700000 	C:\WINDOWS\SYSTEM32\windows.storage.dll
0x00007fffad7e0000 - 0x00007fffadb35000 	C:\WINDOWS\System32\combase.dll
0x00007fffac900000 - 0x00007fffac92c000 	C:\WINDOWS\SYSTEM32\Wldp.dll
0x00007fffaf520000 - 0x00007fffaf5ce000 	C:\WINDOWS\System32\SHCORE.dll
0x00007fffadf20000 - 0x00007fffadf75000 	C:\WINDOWS\System32\shlwapi.dll
0x00007fffacdf0000 - 0x00007ffface0f000 	C:\WINDOWS\SYSTEM32\profapi.dll
0x0000000069740000 - 0x000000006974d000 	C:\Program Files\Java\jdk1.8.0_111\jre\bin\management.dll
0x0000000069720000 - 0x000000006973a000 	C:\Program Files\Java\jdk1.8.0_111\jre\bin\net.dll
0x00007fffac660000 - 0x00007fffac6ca000 	C:\WINDOWS\system32\mswsock.dll
0x00007fff93640000 - 0x00007fff93657000 	C:\WINDOWS\system32\napinsp.dll
0x00007fff935e0000 - 0x00007fff935fb000 	C:\WINDOWS\system32\pnrpnsp.dll
0x00007fffa2ce0000 - 0x00007fffa2cf5000 	C:\WINDOWS\system32\wshbth.dll
0x00007fffa8c70000 - 0x00007fffa8c8d000 	C:\WINDOWS\system32\NLAapi.dll
0x00007fffac2e0000 - 0x00007fffac31b000 	C:\WINDOWS\SYSTEM32\IPHLPAPI.DLL
0x00007fffac320000 - 0x00007fffac3ec000 	C:\WINDOWS\SYSTEM32\DNSAPI.dll
0x00007fffae7d0000 - 0x00007fffae7d8000 	C:\WINDOWS\System32\NSI.dll
0x00007fff935c0000 - 0x00007fff935d2000 	C:\WINDOWS\System32\winrnr.dll
0x00007fffa1270000 - 0x00007fffa127a000 	C:\Windows\System32\rasadhlp.dll
0x00007fffa0b00000 - 0x00007fffa0b7f000 	C:\WINDOWS\System32\fwpuclnt.dll
0x00007fffad0c0000 - 0x00007fffad0e7000 	C:\WINDOWS\System32\bcrypt.dll
0x0000000069700000 - 0x0000000069711000 	C:\Program Files\Java\jdk1.8.0_111\jre\bin\nio.dll
0x00007fffac850000 - 0x00007fffac868000 	C:\WINDOWS\SYSTEM32\CRYPTSP.dll
0x00007fffabf40000 - 0x00007fffabf74000 	C:\WINDOWS\system32\rsaenh.dll
0x00007fffacdb0000 - 0x00007fffacdde000 	C:\WINDOWS\SYSTEM32\USERENV.dll
0x00007fffad6d0000 - 0x00007fffad753000 	C:\WINDOWS\System32\bcryptprimitives.dll
0x00007fffac870000 - 0x00007fffac87c000 	C:\WINDOWS\SYSTEM32\CRYPTBASE.dll
0x00007fffa5640000 - 0x00007fffa5657000 	C:\WINDOWS\SYSTEM32\dhcpcsvc6.DLL
0x00007fffa5620000 - 0x00007fffa563d000 	C:\WINDOWS\SYSTEM32\dhcpcsvc.DLL
0x00000000696d0000 - 0x00000000696f4000 	C:\Program Files\Java\jdk1.8.0_111\jre\bin\sunec.dll
0x00000000696c0000 - 0x00000000696cb000 	C:\Program Files\Java\jdk1.8.0_111\jre\bin\sunmscapi.dll
0x00007fffad3c0000 - 0x00007fffad516000 	C:\WINDOWS\System32\CRYPT32.dll

VM Arguments:
jvm_args: -Dfile.encoding=UTF-8 
java_command: LeanMa.Hospital.LeanMaHospital.LeanMaHospitalApplication
java_class_path (initial): D:\Perkuliahan\Semester5\JAVA EE\week 7\LeanMaHospital\target\classes;C:\Users\user\.m2\repository\org\springframework\boot\spring-boot-starter-web\2.5.5\spring-boot-starter-web-2.5.5.jar;C:\Users\user\.m2\repository\org\springframework\boot\spring-boot-starter\2.5.5\spring-boot-starter-2.5.5.jar;C:\Users\user\.m2\repository\org\springframework\boot\spring-boot\2.5.5\spring-boot-2.5.5.jar;C:\Users\user\.m2\repository\org\springframework\boot\spring-boot-autoconfigure\2.5.5\spring-boot-autoconfigure-2.5.5.jar;C:\Users\user\.m2\repository\org\springframework\boot\spring-boot-starter-logging\2.5.5\spring-boot-starter-logging-2.5.5.jar;C:\Users\user\.m2\repository\ch\qos\logback\logback-classic\1.2.6\logback-classic-1.2.6.jar;C:\Users\user\.m2\repository\ch\qos\logback\logback-core\1.2.6\logback-core-1.2.6.jar;C:\Users\user\.m2\repository\org\apache\logging\log4j\log4j-to-slf4j\2.14.1\log4j-to-slf4j-2.14.1.jar;C:\Users\user\.m2\repository\org\apache\logging\log4j\log4j-api\2.14.1\log4j-api-2.14.1.jar;C:\Users\user\.m2\repository\org\slf4j\jul-to-slf4j\1.7.32\jul-to-slf4j-1.7.32.jar;C:\Users\user\.m2\repository\jakarta\annotation\jakarta.annotation-api\1.3.5\jakarta.annotation-api-1.3.5.jar;C:\Users\user\.m2\repository\org\yaml\snakeyaml\1.28\snakeyaml-1.28.jar;C:\Users\user\.m2\repository\org\springframework\boot\spring-boot-starter-json\2.5.5\spring-boot-starter-json-2.5.5.jar;C:\Users\user\.m2\repository\com\fasterxml\jackson\core\jackson-databind\2.12.5\jackson-databind-2.12.5.jar;C:\Users\user\.m2\repository\com\fasterxml\jackson\core\jackson-annotations\2.12.5\jackson-annotations-2.12.5.jar;C:\Users\user\.m2\repository\com\fasterxml\jackson\core\jackson-core\2.12.5\jackson-core-2.12.5.jar;C:\Users\user\.m2\repository\com\fasterxml\jackson\datatype\jackson-datatype-jdk8\2.12.5\jackson-datatype-jdk8-2.12.5.jar;C:\Users\user\.m2\repository\com\fasterxml\jackson\datatype\jackson-datatype-jsr310\2.12.5\jackson-datatype-jsr310-2.12.5.jar;C:\U
Launcher Type: SUN_STANDARD

Environment Variables:
USERNAME=user
OS=Windows_NT
PROCESSOR_IDENTIFIER=Intel64 Family 6 Model 142 Stepping 11, GenuineIntel



---------------  S Y S T E M  ---------------

OS: Windows 10.0 , 64 bit Build 19041 (10.0.19041.1202)

CPU:total 8 (4 cores per cpu, 2 threads per core) family 6 model 142 stepping 11, cmov, cx8, fxsr, mmx, sse, sse2, sse3, ssse3, sse4.1, sse4.2, popcnt, avx, avx2, aes, clmul, erms, 3dnowpref, lzcnt, ht, tsc, tscinvbit, bmi1, bmi2, adx

Memory: 4k page, physical 8241396k(559124k free), swap 13361396k(11408k free)

vm_info: Java HotSpot(TM) 64-Bit Server VM (25.111-b14) for windows-amd64 JRE (1.8.0_111-b14), built on Sep 22 2016 19:24:05 by "java_re" with MS VC++ 10.0 (VS2010)

time: Sun Oct 10 18:21:03 2021
elapsed time: 15 seconds (0d 0h 0m 15s)

