#
# There is insufficient memory for the Java Runtime Environment to continue.
# Native memory allocation (malloc) failed to allocate 1100096 bytes for Chunk::new
# Possible reasons:
#   The system is out of physical RAM or swap space
#   In 32 bit mode, the process size limit was hit
# Possible solutions:
#   Reduce memory load on the system
#   Increase physical memory or swap space
#   Check if swap backing store is full
#   Use 64 bit Java on a 64 bit OS
#   Decrease Java heap size (-Xmx/-Xms)
#   Decrease number of Java threads
#   Decrease Java thread stack sizes (-Xss)
#   Set larger code cache with -XX:ReservedCodeCacheSize=
# This output file may be truncated or incomplete.
#
#  Out of Memory Error (allocation.cpp:390), pid=13300, tid=0x0000000000003bd4
#
# JRE version: Java(TM) SE Runtime Environment (8.0_111-b14) (build 1.8.0_111-b14)
# Java VM: Java HotSpot(TM) 64-Bit Server VM (25.111-b14 mixed mode windows-amd64 compressed oops)
# Failed to write core dump. Minidumps are not enabled by default on client versions of Windows
#

---------------  T H R E A D  ---------------

Current thread (0x000000001a1fb000):  JavaThread "C2 CompilerThread2" daemon [_thread_in_native, id=15316, stack(0x000000001abc0000,0x000000001acc0000)]

Stack: [0x000000001abc0000,0x000000001acc0000]
[error occurred during error reporting (printing stack bounds), id 0xc0000005]

Native frames: (J=compiled Java code, j=interpreted, Vv=VM code, C=native code)


Current CompileTask:
C2:  48451 5122       4       org.eclipse.jdt.internal.compiler.lookup.BinaryTypeBinding::createMethod (1613 bytes)


---------------  P R O C E S S  ---------------

Java Threads: ( => current thread )
  0x00000000205bf000 JavaThread "http-nio-8080-exec-4" daemon [_thread_blocked, id=13284, stack(0x0000000024c00000,0x0000000024d00000)]
  0x00000000205b9800 JavaThread "http-nio-8080-exec-3" daemon [_thread_blocked, id=5432, stack(0x0000000024b00000,0x0000000024c00000)]
  0x00000000205c0800 JavaThread "Hibernate Connection Pool Validation Thread" daemon [_thread_blocked, id=14148, stack(0x0000000023a00000,0x0000000023b00000)]
  0x00000000205bf800 JavaThread "mysql-cj-abandoned-connection-cleanup" daemon [_thread_blocked, id=15440, stack(0x0000000023400000,0x0000000023500000)]
  0x0000000020912000 JavaThread "http-nio-8080-exec-2" daemon [_thread_blocked, id=3208, stack(0x0000000022d00000,0x0000000022e00000)]
  0x0000000020911800 JavaThread "http-nio-8080-exec-1" daemon [_thread_blocked, id=6868, stack(0x0000000022800000,0x0000000022900000)]
  0x0000000020913800 JavaThread "DestroyJavaVM" [_thread_blocked, id=5228, stack(0x0000000003100000,0x0000000003200000)]
  0x000000002090f000 JavaThread "http-nio-8080-Acceptor" daemon [_thread_in_native, id=14828, stack(0x0000000022700000,0x0000000022800000)]
  0x000000002090e800 JavaThread "http-nio-8080-Poller" daemon [_thread_in_native, id=15060, stack(0x0000000021560000,0x0000000021660000)]
  0x0000000020915000 JavaThread "container-0" [_thread_blocked, id=3808, stack(0x0000000020d80000,0x0000000020e80000)]
  0x0000000020910000 JavaThread "Catalina-utility-2" [_thread_blocked, id=15688, stack(0x0000000020c80000,0x0000000020d80000)]
  0x0000000020914800 JavaThread "Catalina-utility-1" [_thread_blocked, id=14456, stack(0x000000001d010000,0x000000001d110000)]
  0x000000001a264000 JavaThread "Service Thread" daemon [_thread_blocked, id=8560, stack(0x000000001adc0000,0x000000001aec0000)]
  0x000000001a20f000 JavaThread "C1 CompilerThread3" daemon [_thread_blocked, id=15892, stack(0x000000001acc0000,0x000000001adc0000)]
=>0x000000001a1fb000 JavaThread "C2 CompilerThread2" daemon [_thread_in_native, id=15316, stack(0x000000001abc0000,0x000000001acc0000)]
  0x000000001a1f6800 JavaThread "C2 CompilerThread1" daemon [_thread_blocked, id=8032, stack(0x000000001aac0000,0x000000001abc0000)]
  0x000000001a1f0000 JavaThread "C2 CompilerThread0" daemon [_thread_blocked, id=10256, stack(0x000000001a9c0000,0x000000001aac0000)]
  0x000000001a1ef000 JavaThread "Attach Listener" daemon [_thread_blocked, id=16336, stack(0x000000001a8c0000,0x000000001a9c0000)]
  0x000000001a1ee000 JavaThread "Signal Dispatcher" daemon [_thread_blocked, id=12312, stack(0x000000001a7c0000,0x000000001a8c0000)]
  0x00000000033cd800 JavaThread "Finalizer" daemon [_thread_blocked, id=11480, stack(0x000000001a5c0000,0x000000001a6c0000)]
  0x00000000182ed000 JavaThread "Reference Handler" daemon [_thread_blocked, id=5436, stack(0x000000001a0c0000,0x000000001a1c0000)]

Other Threads:
  0x00000000182e9800 VMThread [stack: 0x0000000019fc0000,0x000000001a0c0000] [id=9400]
  0x000000001a267800 WatcherThread [stack: 0x000000001aec0000,0x000000001afc0000] [id=15664]

VM state:not at safepoint (normal execution)

VM Mutex/Monitor currently owned by a thread: None

Heap:
 PSYoungGen      total 138240K, used 71524K [0x00000000d6100000, 0x00000000e2800000, 0x0000000100000000)
  eden space 129024K, 55% used [0x00000000d6100000,0x00000000da6d90d8,0x00000000ddf00000)
  from space 9216K, 0% used [0x00000000ddf00000,0x00000000ddf00000,0x00000000de800000)
  to   space 16896K, 0% used [0x00000000e1780000,0x00000000e1780000,0x00000000e2800000)
 ParOldGen       total 111104K, used 23195K [0x0000000082200000, 0x0000000088e80000, 0x00000000d6100000)
  object space 111104K, 20% used [0x0000000082200000,0x00000000838a6fb0,0x0000000088e80000)
 Metaspace       used 65105K, capacity 67736K, committed 68096K, reserved 1107968K
  class space    used 8210K, capacity 8652K, committed 8704K, reserved 1048576K

Card table byte_map: [0x0000000012790000,0x0000000012b80000] byte_map_base: 0x000000001237f000

Marking Bits: (ParMarkBitMap*) 0x0000000069d0a6c0
 Begin Bits: [0x0000000013620000, 0x0000000015598000)
 End Bits:   [0x0000000015598000, 0x0000000017510000)

Polling page: 0x0000000001380000

CodeCache: size=245760Kb used=16984Kb max_used=16998Kb free=228776Kb
 bounds [0x00000000033d0000, 0x0000000004480000, 0x00000000123d0000]
 total_blobs=5180 nmethods=4586 adapters=505
 compilation: enabled

Compilation events (10 events):
Event: 48.056 Thread 0x000000001a20f000 5177       3       java.util.Calendar::get (10 bytes)
Event: 48.056 Thread 0x000000001a20f000 nmethod 5177 0x00000000044502d0 code [0x0000000004450440, 0x0000000004450768]
Event: 48.056 Thread 0x000000001a20f000 5179       3       java.nio.StringCharBuffer::get (19 bytes)
Event: 48.056 Thread 0x000000001a1f0000 5180       4       java.nio.Buffer::limit (62 bytes)
Event: 48.056 Thread 0x000000001a20f000 nmethod 5179 0x0000000004458910 code [0x0000000004458aa0, 0x0000000004458eb8]
Event: 48.057 Thread 0x000000001a20f000 5181       3       org.apache.tomcat.util.buf.AbstractChunk::recycle (21 bytes)
Event: 48.057 Thread 0x000000001a20f000 nmethod 5181 0x000000000444ff10 code [0x0000000004450060, 0x00000000044501d0]
Event: 48.057 Thread 0x000000001a20f000 5178   !   3       java.io.StringReader::read (52 bytes)
Event: 48.057 Thread 0x000000001a1f0000 nmethod 5180 0x0000000004458650 code [0x0000000004458780, 0x0000000004458858]
Event: 48.057 Thread 0x000000001a20f000 nmethod 5178 0x0000000004457850 code [0x0000000004457a20, 0x0000000004458178]

GC Heap History (10 events):
Event: 17.315 GC heap before
{Heap before GC invocations=8 (full 1):
 PSYoungGen      total 114176K, used 82820K [0x00000000d6100000, 0x00000000df100000, 0x0000000100000000)
  eden space 106496K, 70% used [0x00000000d6100000,0x00000000daa89240,0x00000000dc900000)
  from space 7680K, 97% used [0x00000000de980000,0x00000000df0d7e78,0x00000000df100000)
  to   space 9216K, 0% used [0x00000000ddf00000,0x00000000ddf00000,0x00000000de800000)
 ParOldGen       total 52736K, used 5304K [0x0000000082200000, 0x0000000085580000, 0x00000000d6100000)
  object space 52736K, 10% used [0x0000000082200000,0x000000008272e350,0x0000000085580000)
 Metaspace       used 33191K, capacity 35306K, committed 35416K, reserved 1081344K
  class space    used 4179K, capacity 4547K, committed 4608K, reserved 1048576K
Event: 17.328 GC heap after
Heap after GC invocations=8 (full 1):
 PSYoungGen      total 138240K, used 9210K [0x00000000d6100000, 0x00000000e1800000, 0x0000000100000000)
  eden space 129024K, 0% used [0x00000000d6100000,0x00000000d6100000,0x00000000ddf00000)
  from space 9216K, 99% used [0x00000000ddf00000,0x00000000de7febb0,0x00000000de800000)
  to   space 10752K, 0% used [0x00000000e0d80000,0x00000000e0d80000,0x00000000e1800000)
 ParOldGen       total 52736K, used 6585K [0x0000000082200000, 0x0000000085580000, 0x00000000d6100000)
  object space 52736K, 12% used [0x0000000082200000,0x000000008286e610,0x0000000085580000)
 Metaspace       used 33191K, capacity 35306K, committed 35416K, reserved 1081344K
  class space    used 4179K, capacity 4547K, committed 4608K, reserved 1048576K
}
Event: 17.328 GC heap before
{Heap before GC invocations=9 (full 2):
 PSYoungGen      total 138240K, used 9210K [0x00000000d6100000, 0x00000000e1800000, 0x0000000100000000)
  eden space 129024K, 0% used [0x00000000d6100000,0x00000000d6100000,0x00000000ddf00000)
  from space 9216K, 99% used [0x00000000ddf00000,0x00000000de7febb0,0x00000000de800000)
  to   space 10752K, 0% used [0x00000000e0d80000,0x00000000e0d80000,0x00000000e1800000)
 ParOldGen       total 52736K, used 6585K [0x0000000082200000, 0x0000000085580000, 0x00000000d6100000)
  object space 52736K, 12% used [0x0000000082200000,0x000000008286e610,0x0000000085580000)
 Metaspace       used 33191K, capacity 35306K, committed 35416K, reserved 1081344K
  class space    used 4179K, capacity 4547K, committed 4608K, reserved 1048576K
Event: 17.451 GC heap after
Heap after GC invocations=9 (full 2):
 PSYoungGen      total 138240K, used 0K [0x00000000d6100000, 0x00000000e1800000, 0x0000000100000000)
  eden space 129024K, 0% used [0x00000000d6100000,0x00000000d6100000,0x00000000ddf00000)
  from space 9216K, 0% used [0x00000000ddf00000,0x00000000ddf00000,0x00000000de800000)
  to   space 10752K, 0% used [0x00000000e0d80000,0x00000000e0d80000,0x00000000e1800000)
 ParOldGen       total 78336K, used 14141K [0x0000000082200000, 0x0000000086e80000, 0x00000000d6100000)
  object space 78336K, 18% used [0x0000000082200000,0x0000000082fcf470,0x0000000086e80000)
 Metaspace       used 33191K, capacity 35306K, committed 35416K, reserved 1081344K
  class space    used 4179K, capacity 4547K, committed 4608K, reserved 1048576K
}
Event: 23.982 GC heap before
{Heap before GC invocations=10 (full 2):
 PSYoungGen      total 138240K, used 129024K [0x00000000d6100000, 0x00000000e1800000, 0x0000000100000000)
  eden space 129024K, 100% used [0x00000000d6100000,0x00000000ddf00000,0x00000000ddf00000)
  from space 9216K, 0% used [0x00000000ddf00000,0x00000000ddf00000,0x00000000de800000)
  to   space 10752K, 0% used [0x00000000e0d80000,0x00000000e0d80000,0x00000000e1800000)
 ParOldGen       total 78336K, used 14141K [0x0000000082200000, 0x0000000086e80000, 0x00000000d6100000)
  object space 78336K, 18% used [0x0000000082200000,0x0000000082fcf470,0x0000000086e80000)
 Metaspace       used 49171K, capacity 51612K, committed 51968K, reserved 1093632K
  class space    used 6398K, capacity 6840K, committed 6912K, reserved 1048576K
Event: 24.021 GC heap after
Heap after GC invocations=10 (full 2):
 PSYoungGen      total 139776K, used 10738K [0x00000000d6100000, 0x00000000e1800000, 0x0000000100000000)
  eden space 129024K, 0% used [0x00000000d6100000,0x00000000d6100000,0x00000000ddf00000)
  from space 10752K, 99% used [0x00000000e0d80000,0x00000000e17fca80,0x00000000e1800000)
  to   space 9216K, 0% used [0x00000000ddf00000,0x00000000ddf00000,0x00000000de800000)
 ParOldGen       total 78336K, used 22034K [0x0000000082200000, 0x0000000086e80000, 0x00000000d6100000)
  object space 78336K, 28% used [0x0000000082200000,0x00000000837849a0,0x0000000086e80000)
 Metaspace       used 49171K, capacity 51612K, committed 51968K, reserved 1093632K
  class space    used 6398K, capacity 6840K, committed 6912K, reserved 1048576K
}
Event: 26.771 GC heap before
{Heap before GC invocations=11 (full 2):
 PSYoungGen      total 139776K, used 71296K [0x00000000d6100000, 0x00000000e1800000, 0x0000000100000000)
  eden space 129024K, 46% used [0x00000000d6100000,0x00000000d9c23940,0x00000000ddf00000)
  from space 10752K, 99% used [0x00000000e0d80000,0x00000000e17fca80,0x00000000e1800000)
  to   space 9216K, 0% used [0x00000000ddf00000,0x00000000ddf00000,0x00000000de800000)
 ParOldGen       total 78336K, used 22034K [0x0000000082200000, 0x0000000086e80000, 0x00000000d6100000)
  object space 78336K, 28% used [0x0000000082200000,0x00000000837849a0,0x0000000086e80000)
 Metaspace       used 56302K, capacity 58762K, committed 59028K, reserved 1099776K
  class space    used 7414K, capacity 7863K, committed 7936K, reserved 1048576K
Event: 26.787 GC heap after
Heap after GC invocations=11 (full 2):
 PSYoungGen      total 138240K, used 9207K [0x00000000d6100000, 0x00000000e2800000, 0x0000000100000000)
  eden space 129024K, 0% used [0x00000000d6100000,0x00000000d6100000,0x00000000ddf00000)
  from space 9216K, 99% used [0x00000000ddf00000,0x00000000de7fdd40,0x00000000de800000)
  to   space 16896K, 0% used [0x00000000e1780000,0x00000000e1780000,0x00000000e2800000)
 ParOldGen       total 78336K, used 27328K [0x0000000082200000, 0x0000000086e80000, 0x00000000d6100000)
  object space 78336K, 34% used [0x0000000082200000,0x0000000083cb02a0,0x0000000086e80000)
 Metaspace       used 56302K, capacity 58762K, committed 59028K, reserved 1099776K
  class space    used 7414K, capacity 7863K, committed 7936K, reserved 1048576K
}
Event: 26.787 GC heap before
{Heap before GC invocations=12 (full 3):
 PSYoungGen      total 138240K, used 9207K [0x00000000d6100000, 0x00000000e2800000, 0x0000000100000000)
  eden space 129024K, 0% used [0x00000000d6100000,0x00000000d6100000,0x00000000ddf00000)
  from space 9216K, 99% used [0x00000000ddf00000,0x00000000de7fdd40,0x00000000de800000)
  to   space 16896K, 0% used [0x00000000e1780000,0x00000000e1780000,0x00000000e2800000)
 ParOldGen       total 78336K, used 27328K [0x0000000082200000, 0x0000000086e80000, 0x00000000d6100000)
  object space 78336K, 34% used [0x0000000082200000,0x0000000083cb02a0,0x0000000086e80000)
 Metaspace       used 56302K, capacity 58762K, committed 59028K, reserved 1099776K
  class space    used 7414K, capacity 7863K, committed 7936K, reserved 1048576K
Event: 26.990 GC heap after
Heap after GC invocations=12 (full 3):
 PSYoungGen      total 138240K, used 0K [0x00000000d6100000, 0x00000000e2800000, 0x0000000100000000)
  eden space 129024K, 0% used [0x00000000d6100000,0x00000000d6100000,0x00000000ddf00000)
  from space 9216K, 0% used [0x00000000ddf00000,0x00000000ddf00000,0x00000000de800000)
  to   space 16896K, 0% used [0x00000000e1780000,0x00000000e1780000,0x00000000e2800000)
 ParOldGen       total 111104K, used 23195K [0x0000000082200000, 0x0000000088e80000, 0x00000000d6100000)
  object space 111104K, 20% used [0x0000000082200000,0x00000000838a6fb0,0x0000000088e80000)
 Metaspace       used 56302K, capacity 58762K, committed 59028K, reserved 1099776K
  class space    used 7414K, capacity 7863K, committed 7936K, reserved 1048576K
}

Deoptimization events (10 events):
Event: 47.393 Thread 0x00000000205bf000 Uncommon trap: reason=class_check action=maybe_recompile pc=0x0000000003c13e58 method=com.sun.org.apache.xerces.internal.impl.XMLNSDocumentScannerImpl.scanStartElement()Z @ 953
Event: 47.395 Thread 0x00000000205bf000 Uncommon trap: reason=class_check action=maybe_recompile pc=0x0000000003c13e58 method=com.sun.org.apache.xerces.internal.impl.XMLNSDocumentScannerImpl.scanStartElement()Z @ 953
Event: 47.395 Thread 0x00000000205bf000 Uncommon trap: reason=class_check action=maybe_recompile pc=0x0000000003c13e58 method=com.sun.org.apache.xerces.internal.impl.XMLNSDocumentScannerImpl.scanStartElement()Z @ 953
Event: 47.486 Thread 0x00000000205bf000 Uncommon trap: reason=class_check action=maybe_recompile pc=0x00000000035f75a8 method=sun.misc.URLClassPath.getLoader(I)Lsun/misc/URLClassPath$Loader; @ 94
Event: 47.749 Thread 0x00000000205bf000 Uncommon trap: reason=bimorphic action=maybe_recompile pc=0x00000000043ecdb0 method=org.eclipse.jdt.internal.compiler.lookup.BinaryTypeBinding.createMethod(Lorg/eclipse/jdt/internal/compiler/env/IBinaryMethod;Lorg/eclipse/jdt/internal/compiler/env/IBinary
Event: 47.750 Thread 0x00000000205bf000 Uncommon trap: reason=bimorphic action=maybe_recompile pc=0x00000000043ecdb0 method=org.eclipse.jdt.internal.compiler.lookup.BinaryTypeBinding.createMethod(Lorg/eclipse/jdt/internal/compiler/env/IBinaryMethod;Lorg/eclipse/jdt/internal/compiler/env/IBinary
Event: 47.750 Thread 0x00000000205bf000 Uncommon trap: reason=bimorphic action=maybe_recompile pc=0x00000000043ecdb0 method=org.eclipse.jdt.internal.compiler.lookup.BinaryTypeBinding.createMethod(Lorg/eclipse/jdt/internal/compiler/env/IBinaryMethod;Lorg/eclipse/jdt/internal/compiler/env/IBinary
Event: 47.762 Thread 0x00000000205bf000 Uncommon trap: reason=bimorphic action=maybe_recompile pc=0x00000000043ecdb0 method=org.eclipse.jdt.internal.compiler.lookup.BinaryTypeBinding.createMethod(Lorg/eclipse/jdt/internal/compiler/env/IBinaryMethod;Lorg/eclipse/jdt/internal/compiler/env/IBinary
Event: 47.813 Thread 0x00000000205bf000 Uncommon trap: reason=class_check action=maybe_recompile pc=0x00000000035f75a8 method=sun.misc.URLClassPath.getLoader(I)Lsun/misc/URLClassPath$Loader; @ 94
Event: 47.814 Thread 0x00000000205bf000 Uncommon trap: reason=bimorphic action=maybe_recompile pc=0x0000000004193d40 method=java.security.SecureClassLoader.getProtectionDomain(Ljava/security/CodeSource;)Ljava/security/ProtectionDomain; @ 33

Internal exceptions (10 events):
Event: 47.446 Thread 0x00000000205bf000 Exception <a 'java/lang/ClassNotFoundException': org/springframework/web/servlet/tags/form/AbstractDataBoundFormElementTagCustomizer> (0x00000000d9ce3598) thrown at [C:\re\workspace\8-2-build-windows-amd64-cygwin\jdk8u111\7883\hotspot\src\share\vm\classfi
Event: 47.449 Thread 0x00000000205bf000 Exception <a 'java/lang/ClassNotFoundException': org/springframework/web/servlet/tags/form/AbstractHtmlElementTagCustomizer> (0x00000000d9d06060) thrown at [C:\re\workspace\8-2-build-windows-amd64-cygwin\jdk8u111\7883\hotspot\src\share\vm\classfile\system
Event: 47.452 Thread 0x00000000205bf000 Exception <a 'java/lang/ClassNotFoundException': org/springframework/web/servlet/tags/form/FormTagCustomizer> (0x00000000d9d2e048) thrown at [C:\re\workspace\8-2-build-windows-amd64-cygwin\jdk8u111\7883\hotspot\src\share\vm\classfile\systemDictionary.cpp,
Event: 47.457 Thread 0x00000000205bf000 Exception <a 'java/lang/ClassNotFoundException': org/springframework/web/servlet/tags/form/InputTagBeanInfo> (0x00000000d9d64408) thrown at [C:\re\workspace\8-2-build-windows-amd64-cygwin\jdk8u111\7883\hotspot\src\share\vm\classfile\systemDictionary.cpp, 
Event: 47.459 Thread 0x00000000205bf000 Exception <a 'java/lang/ClassNotFoundException': org/springframework/web/servlet/tags/form/AbstractHtmlInputElementTagBeanInfo> (0x00000000d9d7bd00) thrown at [C:\re\workspace\8-2-build-windows-amd64-cygwin\jdk8u111\7883\hotspot\src\share\vm\classfile\sys
Event: 47.461 Thread 0x00000000205bf000 Exception <a 'java/lang/ClassNotFoundException': org/springframework/web/servlet/tags/form/AbstractHtmlInputElementTagCustomizer> (0x00000000d9d93af8) thrown at [C:\re\workspace\8-2-build-windows-amd64-cygwin\jdk8u111\7883\hotspot\src\share\vm\classfile\s
Event: 47.464 Thread 0x00000000205bf000 Exception <a 'java/lang/ClassNotFoundException': org/springframework/web/servlet/tags/form/InputTagCustomizer> (0x00000000d9db3740) thrown at [C:\re\workspace\8-2-build-windows-amd64-cygwin\jdk8u111\7883\hotspot\src\share\vm\classfile\systemDictionary.cpp
Event: 47.480 Thread 0x00000000205bf000 Exception <a 'java/lang/ArrayIndexOutOfBoundsException'> (0x00000000d9e256b8) thrown at [C:\re\workspace\8-2-build-windows-amd64-cygwin\jdk8u111\7883\hotspot\src\share\vm\runtime\sharedRuntime.cpp, line 605]
Event: 48.050 Thread 0x00000000205bf000 Exception <a 'java/lang/ClassNotFoundException': java/lang/ObjectCustomizer> (0x00000000da69f3a0) thrown at [C:\re\workspace\8-2-build-windows-amd64-cygwin\jdk8u111\7883\hotspot\src\share\vm\classfile\systemDictionary.cpp, line 210]
Event: 48.052 Thread 0x00000000205bf000 Exception <a 'java/lang/ClassNotFoundException': LeanMa/Hospital/POJOS/UserCustomizer> (0x00000000da6b2988) thrown at [C:\re\workspace\8-2-build-windows-amd64-cygwin\jdk8u111\7883\hotspot\src\share\vm\classfile\systemDictionary.cpp, line 210]

Events (10 events):
Event: 48.052 loading class LeanMa/Hospital/POJOS/UserCustomizer
Event: 48.052 loading class LeanMa/Hospital/POJOS/UserCustomizer done
Event: 48.052 loading class java/lang/StringEditor
Event: 48.052 loading class java/lang/StringEditor done
Event: 48.053 Executing VM operation: RevokeBias
Event: 48.053 Executing VM operation: RevokeBias done
Event: 48.053 loading class org/springframework/core/convert/support/ConvertingPropertyEditorAdapter
Event: 48.053 loading class org/springframework/core/convert/support/ConvertingPropertyEditorAdapter done
Event: 48.055 Executing VM operation: RevokeBias
Event: 48.055 Executing VM operation: RevokeBias done


Dynamic libraries:
0x00007ff7a6670000 - 0x00007ff7a66a7000 	C:\Program Files\Java\jdk1.8.0_111\bin\javaw.exe
0x00007fffaf790000 - 0x00007fffaf985000 	C:\WINDOWS\SYSTEM32\ntdll.dll
0x00007fffadf80000 - 0x00007fffae03e000 	C:\WINDOWS\System32\KERNEL32.DLL
0x00007fffad0f0000 - 0x00007fffad3b9000 	C:\WINDOWS\System32\KERNELBASE.dll
0x00007fffade70000 - 0x00007fffadf1c000 	C:\WINDOWS\System32\ADVAPI32.dll
0x00007fffae1f0000 - 0x00007fffae28e000 	C:\WINDOWS\System32\msvcrt.dll
0x00007fffadca0000 - 0x00007fffadd3b000 	C:\WINDOWS\System32\sechost.dll
0x00007fffadd40000 - 0x00007fffade6a000 	C:\WINDOWS\System32\RPCRT4.dll
0x00007fffae550000 - 0x00007fffae6f1000 	C:\WINDOWS\System32\USER32.dll
0x00007fffad7b0000 - 0x00007fffad7d2000 	C:\WINDOWS\System32\win32u.dll
0x00007fffae440000 - 0x00007fffae46b000 	C:\WINDOWS\System32\GDI32.dll
0x00007fffad520000 - 0x00007fffad62b000 	C:\WINDOWS\System32\gdi32full.dll
0x00007fffad630000 - 0x00007fffad6cd000 	C:\WINDOWS\System32\msvcp_win.dll
0x00007fffaceb0000 - 0x00007fffacfb0000 	C:\WINDOWS\System32\ucrtbase.dll
0x00007fffa1b00000 - 0x00007fffa1d9a000 	C:\WINDOWS\WinSxS\amd64_microsoft.windows.common-controls_6595b64144ccf1df_6.0.19041.1110_none_60b5254171f9507e\COMCTL32.dll
0x00007fffadc70000 - 0x00007fffadca0000 	C:\WINDOWS\System32\IMM32.DLL
0x000000006aa30000 - 0x000000006ab02000 	C:\Program Files\Java\jdk1.8.0_111\jre\bin\msvcr100.dll
0x00000000694f0000 - 0x0000000069d8a000 	C:\Program Files\Java\jdk1.8.0_111\jre\bin\server\jvm.dll
0x00007fffaf740000 - 0x00007fffaf748000 	C:\WINDOWS\System32\PSAPI.DLL
0x00007fffa5e30000 - 0x00007fffa5e3a000 	C:\WINDOWS\SYSTEM32\VERSION.dll
0x00007fffa83a0000 - 0x00007fffa83a9000 	C:\WINDOWS\SYSTEM32\WSOCK32.dll
0x00007fffa2510000 - 0x00007fffa2537000 	C:\WINDOWS\SYSTEM32\WINMM.dll
0x00007fffae700000 - 0x00007fffae76b000 	C:\WINDOWS\System32\WS2_32.dll
0x000000006a9c0000 - 0x000000006a9cf000 	C:\Program Files\Java\jdk1.8.0_111\jre\bin\verify.dll
0x000000006a990000 - 0x000000006a9b9000 	C:\Program Files\Java\jdk1.8.0_111\jre\bin\java.dll
0x000000006a970000 - 0x000000006a986000 	C:\Program Files\Java\jdk1.8.0_111\jre\bin\zip.dll
0x00007fffae7e0000 - 0x00007fffaef1f000 	C:\WINDOWS\System32\SHELL32.dll
0x00007fffaaf70000 - 0x00007fffab700000 	C:\WINDOWS\SYSTEM32\windows.storage.dll
0x00007fffad7e0000 - 0x00007fffadb35000 	C:\WINDOWS\System32\combase.dll
0x00007fffac900000 - 0x00007fffac92c000 	C:\WINDOWS\SYSTEM32\Wldp.dll
0x00007fffaf520000 - 0x00007fffaf5ce000 	C:\WINDOWS\System32\SHCORE.dll
0x00007fffadf20000 - 0x00007fffadf75000 	C:\WINDOWS\System32\shlwapi.dll
0x00007fffacdf0000 - 0x00007ffface0f000 	C:\WINDOWS\SYSTEM32\profapi.dll
0x000000006a960000 - 0x000000006a96d000 	C:\Program Files\Java\jdk1.8.0_111\jre\bin\management.dll
0x000000006a940000 - 0x000000006a95a000 	C:\Program Files\Java\jdk1.8.0_111\jre\bin\net.dll
0x00007fffac660000 - 0x00007fffac6ca000 	C:\WINDOWS\system32\mswsock.dll
0x00007fff93640000 - 0x00007fff93657000 	C:\WINDOWS\system32\napinsp.dll
0x00007fff935e0000 - 0x00007fff935fb000 	C:\WINDOWS\system32\pnrpnsp.dll
0x00007fffa2ce0000 - 0x00007fffa2cf5000 	C:\WINDOWS\system32\wshbth.dll
0x00007fffa8c70000 - 0x00007fffa8c8d000 	C:\WINDOWS\system32\NLAapi.dll
0x00007fffac2e0000 - 0x00007fffac31b000 	C:\WINDOWS\SYSTEM32\IPHLPAPI.DLL
0x00007fffac320000 - 0x00007fffac3ec000 	C:\WINDOWS\SYSTEM32\DNSAPI.dll
0x00007fffae7d0000 - 0x00007fffae7d8000 	C:\WINDOWS\System32\NSI.dll
0x00007fff935c0000 - 0x00007fff935d2000 	C:\WINDOWS\System32\winrnr.dll
0x00007fffa1270000 - 0x00007fffa127a000 	C:\Windows\System32\rasadhlp.dll
0x00007fffa0b00000 - 0x00007fffa0b7f000 	C:\WINDOWS\System32\fwpuclnt.dll
0x00007fffad0c0000 - 0x00007fffad0e7000 	C:\WINDOWS\System32\bcrypt.dll
0x000000006a920000 - 0x000000006a931000 	C:\Program Files\Java\jdk1.8.0_111\jre\bin\nio.dll
0x00007fffac850000 - 0x00007fffac868000 	C:\WINDOWS\SYSTEM32\CRYPTSP.dll
0x00007fffabf40000 - 0x00007fffabf74000 	C:\WINDOWS\system32\rsaenh.dll
0x00007fffacdb0000 - 0x00007fffacdde000 	C:\WINDOWS\SYSTEM32\USERENV.dll
0x00007fffad6d0000 - 0x00007fffad753000 	C:\WINDOWS\System32\bcryptprimitives.dll
0x00007fffac870000 - 0x00007fffac87c000 	C:\WINDOWS\SYSTEM32\CRYPTBASE.dll
0x00007fffa5640000 - 0x00007fffa5657000 	C:\WINDOWS\SYSTEM32\dhcpcsvc6.DLL
0x00007fffa5620000 - 0x00007fffa563d000 	C:\WINDOWS\SYSTEM32\dhcpcsvc.DLL
0x000000006a8f0000 - 0x000000006a914000 	C:\Program Files\Java\jdk1.8.0_111\jre\bin\sunec.dll
0x000000006a8e0000 - 0x000000006a8eb000 	C:\Program Files\Java\jdk1.8.0_111\jre\bin\sunmscapi.dll
0x00007fffad3c0000 - 0x00007fffad516000 	C:\WINDOWS\System32\CRYPT32.dll

VM Arguments:
jvm_args: -Dfile.encoding=UTF-8 
java_command: LeanMa.Hospital.LeanMaHospital.LeanMaHospitalApplication
java_class_path (initial): D:\Perkuliahan\Semester5\JAVA EE\week 7\LeanMaHospital\target\classes;C:\Users\user\.m2\repository\org\springframework\boot\spring-boot-starter-web\2.5.5\spring-boot-starter-web-2.5.5.jar;C:\Users\user\.m2\repository\org\springframework\boot\spring-boot-starter\2.5.5\spring-boot-starter-2.5.5.jar;C:\Users\user\.m2\repository\org\springframework\boot\spring-boot\2.5.5\spring-boot-2.5.5.jar;C:\Users\user\.m2\repository\org\springframework\boot\spring-boot-autoconfigure\2.5.5\spring-boot-autoconfigure-2.5.5.jar;C:\Users\user\.m2\repository\org\springframework\boot\spring-boot-starter-logging\2.5.5\spring-boot-starter-logging-2.5.5.jar;C:\Users\user\.m2\repository\ch\qos\logback\logback-classic\1.2.6\logback-classic-1.2.6.jar;C:\Users\user\.m2\repository\ch\qos\logback\logback-core\1.2.6\logback-core-1.2.6.jar;C:\Users\user\.m2\repository\org\apache\logging\log4j\log4j-to-slf4j\2.14.1\log4j-to-slf4j-2.14.1.jar;C:\Users\user\.m2\repository\org\apache\logging\log4j\log4j-api\2.14.1\log4j-api-2.14.1.jar;C:\Users\user\.m2\repository\org\slf4j\jul-to-slf4j\1.7.32\jul-to-slf4j-1.7.32.jar;C:\Users\user\.m2\repository\jakarta\annotation\jakarta.annotation-api\1.3.5\jakarta.annotation-api-1.3.5.jar;C:\Users\user\.m2\repository\org\yaml\snakeyaml\1.28\snakeyaml-1.28.jar;C:\Users\user\.m2\repository\org\springframework\boot\spring-boot-starter-json\2.5.5\spring-boot-starter-json-2.5.5.jar;C:\Users\user\.m2\repository\com\fasterxml\jackson\core\jackson-databind\2.12.5\jackson-databind-2.12.5.jar;C:\Users\user\.m2\repository\com\fasterxml\jackson\core\jackson-annotations\2.12.5\jackson-annotations-2.12.5.jar;C:\Users\user\.m2\repository\com\fasterxml\jackson\core\jackson-core\2.12.5\jackson-core-2.12.5.jar;C:\Users\user\.m2\repository\com\fasterxml\jackson\datatype\jackson-datatype-jdk8\2.12.5\jackson-datatype-jdk8-2.12.5.jar;C:\Users\user\.m2\repository\com\fasterxml\jackson\datatype\jackson-datatype-jsr310\2.12.5\jackson-datatype-jsr310-2.12.5.jar;C:\U
Launcher Type: SUN_STANDARD

Environment Variables:
USERNAME=user
OS=Windows_NT
PROCESSOR_IDENTIFIER=Intel64 Family 6 Model 142 Stepping 11, GenuineIntel



---------------  S Y S T E M  ---------------

OS: Windows 10.0 , 64 bit Build 19041 (10.0.19041.1202)

CPU:total 8 (4 cores per cpu, 2 threads per core) family 6 model 142 stepping 11, cmov, cx8, fxsr, mmx, sse, sse2, sse3, ssse3, sse4.1, sse4.2, popcnt, avx, avx2, aes, clmul, erms, 3dnowpref, lzcnt, ht, tsc, tscinvbit, bmi1, bmi2, adx

Memory: 4k page, physical 8241396k(622124k free), swap 13361396k(270784k free)

vm_info: Java HotSpot(TM) 64-Bit Server VM (25.111-b14) for windows-amd64 JRE (1.8.0_111-b14), built on Sep 22 2016 19:24:05 by "java_re" with MS VC++ 10.0 (VS2010)

time: Fri Oct 08 23:40:42 2021
elapsed time: 48 seconds (0d 0h 0m 48s)

